Using pre-set license
Built from '6000.0/staging' branch; Version is '6000.0.32f1 (b2e806cf271c) revision 11724806'; Using compiler version '193933523'; Build Type 'Release'
OS: 'Windows 10  (10.0.19045) 64bit Core' Language: 'en' Physical Memory: 16288 MB
BatchMode: 1, IsHumanControllingUs: 0, StartBugReporterOnCrash: 0, Is64bit: 1, IsPro: 1

COMMAND LINE ARGUMENTS:
D:\6000.0.32f1\Editor\Unity.exe
-adb2
-batchMode
-noUpm
-name
AssetImportWorker2
-projectPath
D:/Judgement_Day/JudgementDayProject/My project
-logFile
Logs/AssetImportWorker2.log
-srvPort
54335
-job-worker-count
5
-background-job-worker-count
8
-gc-helper-count
1
Successfully changed project path to: D:/Judgement_Day/JudgementDayProject/My project
D:/Judgement_Day/JudgementDayProject/My project
[UnityMemory] Configuration Parameters - Can be set up in boot.config
    "memorysetup-bucket-allocator-granularity=16"
    "memorysetup-bucket-allocator-bucket-count=8"
    "memorysetup-bucket-allocator-block-size=33554432"
    "memorysetup-bucket-allocator-block-count=8"
    "memorysetup-main-allocator-block-size=16777216"
    "memorysetup-thread-allocator-block-size=16777216"
    "memorysetup-gfx-main-allocator-block-size=16777216"
    "memorysetup-gfx-thread-allocator-block-size=16777216"
    "memorysetup-cache-allocator-block-size=4194304"
    "memorysetup-typetree-allocator-block-size=2097152"
    "memorysetup-profiler-bucket-allocator-granularity=16"
    "memorysetup-profiler-bucket-allocator-bucket-count=8"
    "memorysetup-profiler-bucket-allocator-block-size=33554432"
    "memorysetup-profiler-bucket-allocator-block-count=8"
    "memorysetup-profiler-allocator-block-size=16777216"
    "memorysetup-profiler-editor-allocator-block-size=1048576"
    "memorysetup-temp-allocator-size-main=16777216"
    "memorysetup-job-temp-allocator-block-size=2097152"
    "memorysetup-job-temp-allocator-block-size-background=1048576"
    "memorysetup-job-temp-allocator-reduction-small-platforms=262144"
    "memorysetup-allocator-temp-initial-block-size-main=262144"
    "memorysetup-allocator-temp-initial-block-size-worker=262144"
    "memorysetup-temp-allocator-size-background-worker=32768"
    "memorysetup-temp-allocator-size-job-worker=262144"
    "memorysetup-temp-allocator-size-preload-manager=33554432"
    "memorysetup-temp-allocator-size-nav-mesh-worker=65536"
    "memorysetup-temp-allocator-size-audio-worker=65536"
    "memorysetup-temp-allocator-size-cloud-worker=32768"
    "memorysetup-temp-allocator-size-gi-baking-worker=262144"
    "memorysetup-temp-allocator-size-gi-baking-worker=262144"
    "memorysetup-temp-allocator-size-gi-baking-worker=262144"
    "memorysetup-temp-allocator-size-gi-baking-worker=262144"
    "memorysetup-temp-allocator-size-gi-baking-worker=262144"
    "memorysetup-temp-allocator-size-gfx=262144"
Player connection [5872]  Target information:

Player connection [5872]  * "[IP] 192.168.0.213 [Port] 0 [Flags] 2 [Guid] 51521500 [EditorId] 51521500 [Version] 1048832 [Id] WindowsEditor(7,DESKTOP-T4QFQ57) [Debug] 1 [PackageName] WindowsEditor [ProjectName] Editor" 

Player connection [5872] Host joined multi-casting on [225.0.0.222:54997]...
Player connection [5872] Host joined alternative multi-casting on [225.0.0.222:34997]...
JobSystem: Creating JobQueue using job-worker-count value 5
[Physics::Module] Initialized fallback backend.
[Physics::Module] Id: 0xdecafbad
Library Redirect Path: Library/
[Physics::Module] Selected backend.
[Physics::Module] Name: PhysX
[Physics::Module] Id: 0xf2b8ea05
[Physics::Module] SDK Version: 4.1.2
[Physics::Module] Integration Version: 1.0.0
[Physics::Module] Threading Mode: Multi-Threaded
Refreshing native plugins compatible for Editor in 1.69 ms, found 4 plugins.
Preloading 0 native plugins for Editor in 0.00 ms.
Initialize engine version: 6000.0.32f1 (b2e806cf271c)
[Subsystems] Discovering subsystems at path D:/6000.0.32f1/Editor/Data/Resources/UnitySubsystems
[Subsystems] Discovering subsystems at path D:/Judgement_Day/JudgementDayProject/My project/Assets
GfxDevice: creating device client; kGfxThreadingModeNonThreaded
Direct3D:
    Version:  Direct3D 11.0 [level 11.1]
    Renderer: NVIDIA GeForce RTX 3060 (ID=0x2487)
    Vendor:   NVIDIA
    VRAM:     12110 MB
    Driver:   32.0.15.6636
Initialize mono
Mono path[0] = 'D:/6000.0.32f1/Editor/Data/Managed'
Mono path[1] = 'D:/6000.0.32f1/Editor/Data/MonoBleedingEdge/lib/mono/unityjit-win32'
Mono config path = 'D:/6000.0.32f1/Editor/Data/MonoBleedingEdge/etc'
Using monoOptions --debugger-agent=transport=dt_socket,embedding=1,server=y,suspend=n,address=127.0.0.1:56760
Begin MonoManager ReloadAssembly
Registering precompiled unity dll's ...
Register platform support module: D:/6000.0.32f1/Editor/Data/PlaybackEngines/WebGLSupport/UnityEditor.WebGL.Extensions.dll
Register platform support module: D:/6000.0.32f1/Editor/Data/PlaybackEngines/WindowsStandaloneSupport/UnityEditor.WindowsStandalone.Extensions.dll
Registered in 0.002625 seconds.
- Loaded All Assemblies, in  0.355 seconds
Native extension for WindowsStandalone target not found
Native extension for WebGL target not found
Mono: successfully reloaded assembly
- Finished resetting the current domain, in  0.287 seconds
Domain Reload Profiling: 642ms
	BeginReloadAssembly (147ms)
		ExecutionOrderSort (0ms)
		DisableScriptedObjects (0ms)
		BackupInstance (0ms)
		ReleaseScriptingObjects (0ms)
		CreateAndSetChildDomain (1ms)
	RebuildCommonClasses (32ms)
	RebuildNativeTypeToScriptingClass (10ms)
	initialDomainReloadingComplete (40ms)
	LoadAllAssembliesAndSetupDomain (125ms)
		LoadAssemblies (146ms)
		RebuildTransferFunctionScriptingTraits (0ms)
		AnalyzeDomain (122ms)
			TypeCache.Refresh (121ms)
				TypeCache.ScanAssembly (110ms)
			BuildScriptInfoCaches (0ms)
			ResolveRequiredComponents (0ms)
	FinalizeReload (287ms)
		ReleaseScriptCaches (0ms)
		RebuildScriptCaches (0ms)
		SetupLoadedEditorAssemblies (250ms)
			LogAssemblyErrors (0ms)
			InitializePlatformSupportModulesInManaged (24ms)
			SetLoadedEditorAssemblies (4ms)
			BeforeProcessingInitializeOnLoad (48ms)
			ProcessInitializeOnLoadAttributes (128ms)
			ProcessInitializeOnLoadMethodAttributes (46ms)
			AfterProcessingInitializeOnLoad (0ms)
			EditorAssembliesLoaded (0ms)
		ExecutionOrderSort2 (0ms)
		AwakeInstancesAfterBackupRestoration (0ms)
Assembly reference Packages/com.unity.cinemachine/Editor/Samples/ExposeHDRPInternals/HDRP-Editor-ref.asmref has no target assembly definition
========================================================================
Worker process is ready to serve import requests
Import Worker Mode flag is 0x00
Assembly reference Packages/com.unity.cinemachine/Editor/Samples/ExposeHDRPInternals/HDRP-Editor-ref.asmref has no target assembly definition
Assembly reference Packages/com.unity.cinemachine/Editor/Samples/ExposeHDRPInternals/HDRP-Editor-ref.asmref has no target assembly definition
Begin MonoManager ReloadAssembly
- Loaded All Assemblies, in  0.638 seconds
Assembly reference Packages/com.unity.cinemachine/Editor/Samples/ExposeHDRPInternals/HDRP-Editor-ref.asmref has no target assembly definition
'Packages/com.unity.cinemachine/Editor/Obsolete/CinemachineVirtualCameraBaseEditor.cs' contains partial class of Unity.Object, exactly 1 of the partial classes needs to be in a file with the same filename. This is to know the one that can be referenced from ie. GameObjects
'Packages/com.unity.cinemachine/Editor/Editors/CinemachineVirtualCameraBaseEditor.cs' contains partial class of Unity.Object, exactly 1 of the partial classes needs to be in a file with the same filename. This is to know the one that can be referenced from ie. GameObjects
Refreshing native plugins compatible for Editor in 1.05 ms, found 4 plugins.
Native extension for WindowsStandalone target not found
Native extension for WebGL target not found
Assembly reference Packages/com.unity.cinemachine/Editor/Samples/ExposeHDRPInternals/HDRP-Editor-ref.asmref has no target assembly definition
Package Manager log level set to [2]
[Package Manager] Failed to launch server process. Reason: Unity was launched with the -noUpm command-line argument
[Package Manager] Unable to send message (not connected to server process).
[Package Manager] Cannot connect to Unity Package Manager local server
Mono: successfully reloaded assembly
- Finished resetting the current domain, in  0.789 seconds
Domain Reload Profiling: 1427ms
	BeginReloadAssembly (158ms)
		ExecutionOrderSort (0ms)
		DisableScriptedObjects (6ms)
		BackupInstance (0ms)
		ReleaseScriptingObjects (0ms)
		CreateAndSetChildDomain (29ms)
	RebuildCommonClasses (30ms)
	RebuildNativeTypeToScriptingClass (10ms)
	initialDomainReloadingComplete (32ms)
	LoadAllAssembliesAndSetupDomain (408ms)
		LoadAssemblies (326ms)
		RebuildTransferFunctionScriptingTraits (0ms)
		AnalyzeDomain (177ms)
			TypeCache.Refresh (124ms)
				TypeCache.ScanAssembly (110ms)
			BuildScriptInfoCaches (46ms)
			ResolveRequiredComponents (5ms)
	FinalizeReload (790ms)
		ReleaseScriptCaches (0ms)
		RebuildScriptCaches (0ms)
		SetupLoadedEditorAssemblies (704ms)
			LogAssemblyErrors (0ms)
			InitializePlatformSupportModulesInManaged (2ms)
			SetLoadedEditorAssemblies (4ms)
			BeforeProcessingInitializeOnLoad (125ms)
			ProcessInitializeOnLoadAttributes (527ms)
			ProcessInitializeOnLoadMethodAttributes (42ms)
			AfterProcessingInitializeOnLoad (3ms)
			EditorAssembliesLoaded (0ms)
		ExecutionOrderSort2 (0ms)
		AwakeInstancesAfterBackupRestoration (5ms)
Launched and connected shader compiler UnityShaderCompiler.exe after 0.02 seconds
Refreshing native plugins compatible for Editor in 1.13 ms, found 4 plugins.
Preloading 0 native plugins for Editor in 0.00 ms.
Unloading 15 Unused Serialized files (Serialized files now loaded: 0)
Unloading 4768 unused Assets / (1.1 MB). Loaded Objects now: 5255.
Memory consumption went from 90.7 MB to 89.6 MB.
Total: 6.627200 ms (FindLiveObjects: 0.529500 ms CreateObjectMapping: 0.514500 ms MarkObjects: 4.609400 ms  DeleteObjects: 0.972800 ms)

========================================================================
Received Import Request.
  Time since last request: 443350.441845 seconds.
  path: Assets/Map/MapSprites/Mystic Woods.prefab
  artifactKey: Guid(783768c254319714b91e2498de9f3125) Importer(815301076,1909f56bfc062723c751e8b465ee728b)
Start importing Assets/Map/MapSprites/Mystic Woods.prefab using Guid(783768c254319714b91e2498de9f3125) Importer(815301076,1909f56bfc062723c751e8b465ee728b) (PreviewImporter) -> (artifact id: '9a4d3de099b26f77a80083f464916693') in 0.1060362 seconds
Number of updated asset objects reloaded before import = 0Number of asset objects unloaded after import = 150

========================================================================
Received Import Request.
  Time since last request: 12.691259 seconds.
  path: Assets/Map/MapSprites/Tiles/Nature.asset
  artifactKey: Guid(b40bb40200bcf524b8bdce04ea3a774e) Importer(815301076,1909f56bfc062723c751e8b465ee728b)
Start importing Assets/Map/MapSprites/Tiles/Nature.asset using Guid(b40bb40200bcf524b8bdce04ea3a774e) Importer(815301076,1909f56bfc062723c751e8b465ee728b) (PreviewImporter) -> (artifact id: '5a8e3fb2a32a90cf6f13e4fb111ffcc1') in 0.0220283 seconds
Number of updated asset objects reloaded before import = 0Number of asset objects unloaded after import = 3

========================================================================
Received Import Request.
  Time since last request: 14.755705 seconds.
  path: Assets/Map/MapSprites/Mystic Woods.prefab
  artifactKey: Guid(783768c254319714b91e2498de9f3125) Importer(815301076,1909f56bfc062723c751e8b465ee728b)
Start importing Assets/Map/MapSprites/Mystic Woods.prefab using Guid(783768c254319714b91e2498de9f3125) Importer(815301076,1909f56bfc062723c751e8b465ee728b) (PreviewImporter) -> (artifact id: '0f1b347ebe104ac18680517bb3d288a4') in 0.0056418 seconds
Number of updated asset objects reloaded before import = 0Number of asset objects unloaded after import = 10

========================================================================
Received Import Request.
  Time since last request: 27.479579 seconds.
  path: Assets/Map/MapSprites/objects.png
  artifactKey: Guid(1dc8934ffdfa0b548a06e8b873967a9e) Importer(815301076,1909f56bfc062723c751e8b465ee728b)
Start importing Assets/Map/MapSprites/objects.png using Guid(1dc8934ffdfa0b548a06e8b873967a9e) Importer(815301076,1909f56bfc062723c751e8b465ee728b) (PreviewImporter) -> (artifact id: '84ea8d3db76e6af48416c3cf308650ee') in 0.5306646 seconds
Number of updated asset objects reloaded before import = 0Number of asset objects unloaded after import = 210

========================================================================
Received Import Request.
  Time since last request: 40.975681 seconds.
  path: Assets/Map/MapSprites/Mystic Woods.prefab
  artifactKey: Guid(783768c254319714b91e2498de9f3125) Importer(815301076,1909f56bfc062723c751e8b465ee728b)
Start importing Assets/Map/MapSprites/Mystic Woods.prefab using Guid(783768c254319714b91e2498de9f3125) Importer(815301076,1909f56bfc062723c751e8b465ee728b) (PreviewImporter) -> (artifact id: '489189f3e7601b7ca32b8f31835ed78b') in 0.0524751 seconds
Number of updated asset objects reloaded before import = 0Number of asset objects unloaded after import = 427

========================================================================
Received Import Request.
  Time since last request: 10.352581 seconds.
  path: Assets/Map/MapSprites/Mystic Woods.prefab
  artifactKey: Guid(783768c254319714b91e2498de9f3125) Importer(815301076,1909f56bfc062723c751e8b465ee728b)
Start importing Assets/Map/MapSprites/Mystic Woods.prefab using Guid(783768c254319714b91e2498de9f3125) Importer(815301076,1909f56bfc062723c751e8b465ee728b) (PreviewImporter) -> (artifact id: 'b462a9b0308eb549eae06f4eb09f95f2') in 0.0695663 seconds
Number of updated asset objects reloaded before import = 0Number of asset objects unloaded after import = 564

========================================================================
Received Import Request.
  Time since last request: 21.905742 seconds.
  path: Assets/Map/MapSprites/Mystic Woods.prefab
  artifactKey: Guid(783768c254319714b91e2498de9f3125) Importer(815301076,1909f56bfc062723c751e8b465ee728b)
Start importing Assets/Map/MapSprites/Mystic Woods.prefab using Guid(783768c254319714b91e2498de9f3125) Importer(815301076,1909f56bfc062723c751e8b465ee728b) (PreviewImporter) -> (artifact id: '99ff047dc49cedc81a283eb33df5fc7e') in 0.0762593 seconds
Number of updated asset objects reloaded before import = 0Number of asset objects unloaded after import = 564

========================================================================
Received Import Request.
  Time since last request: 11.988187 seconds.
  path: Assets/Map/MapSprites/Tiles/objects_0.asset
  artifactKey: Guid(44c02e5f6fb93c64e86a85614b5b2451) Importer(815301076,1909f56bfc062723c751e8b465ee728b)
Start importing Assets/Map/MapSprites/Tiles/objects_0.asset using Guid(44c02e5f6fb93c64e86a85614b5b2451) Importer(815301076,1909f56bfc062723c751e8b465ee728b) (PreviewImporter) -> (artifact id: '7f9f304e9469e2d524e02b64cce4f4a0') in 0.0126111 seconds
Number of updated asset objects reloaded before import = 0Number of asset objects unloaded after import = 3

========================================================================
Received Import Request.
  Time since last request: 0.000017 seconds.
  path: Assets/Map/MapSprites/Tiles/objects_2.asset
  artifactKey: Guid(2f147c6d870f4be4298f739546e1917f) Importer(815301076,1909f56bfc062723c751e8b465ee728b)
Start importing Assets/Map/MapSprites/Tiles/objects_2.asset using Guid(2f147c6d870f4be4298f739546e1917f) Importer(815301076,1909f56bfc062723c751e8b465ee728b) (PreviewImporter) -> (artifact id: 'f6fc4553244247c3d86e7f288a4cd823') in 0.0109185 seconds
Number of updated asset objects reloaded before import = 0Number of asset objects unloaded after import = 3

========================================================================
Received Import Request.
  Time since last request: 0.000019 seconds.
  path: Assets/Map/MapSprites/Tiles/objects_42.asset
  artifactKey: Guid(201ea3b32916d724fbb53bf284185d6c) Importer(815301076,1909f56bfc062723c751e8b465ee728b)
Start importing Assets/Map/MapSprites/Tiles/objects_42.asset using Guid(201ea3b32916d724fbb53bf284185d6c) Importer(815301076,1909f56bfc062723c751e8b465ee728b) (PreviewImporter) -> (artifact id: '88592719ba9ccf79df74cad09d653837') in 0.0276054 seconds
Number of updated asset objects reloaded before import = 0Number of asset objects unloaded after import = 3

========================================================================
Received Import Request.
  Time since last request: 0.000027 seconds.
  path: Assets/Map/MapSprites/Tiles/objects_8.asset
  artifactKey: Guid(23f3acc48be7f7540bb7a813fd8a5328) Importer(815301076,1909f56bfc062723c751e8b465ee728b)
Start importing Assets/Map/MapSprites/Tiles/objects_8.asset using Guid(23f3acc48be7f7540bb7a813fd8a5328) Importer(815301076,1909f56bfc062723c751e8b465ee728b) (PreviewImporter) -> (artifact id: '61102cef55950ce2a7d206f562645f40') in 0.0090611 seconds
Number of updated asset objects reloaded before import = 0Number of asset objects unloaded after import = 3

========================================================================
Received Import Request.
  Time since last request: 0.000015 seconds.
  path: Assets/Map/MapSprites/Tiles/objects_31.asset
  artifactKey: Guid(8fdf2fc704c1bda4ab14c5bdc4450547) Importer(815301076,1909f56bfc062723c751e8b465ee728b)
Start importing Assets/Map/MapSprites/Tiles/objects_31.asset using Guid(8fdf2fc704c1bda4ab14c5bdc4450547) Importer(815301076,1909f56bfc062723c751e8b465ee728b) (PreviewImporter) -> (artifact id: '9d856e2566ca391382ea51334d486a1d') in 0.0254738 seconds
Number of updated asset objects reloaded before import = 0Number of asset objects unloaded after import = 3

========================================================================
Received Import Request.
  Time since last request: 0.000018 seconds.
  path: Assets/Map/MapSprites/Tiles/objects_6.asset
  artifactKey: Guid(fba3daa378ea3184bbf0c916ada12ed9) Importer(815301076,1909f56bfc062723c751e8b465ee728b)
Start importing Assets/Map/MapSprites/Tiles/objects_6.asset using Guid(fba3daa378ea3184bbf0c916ada12ed9) Importer(815301076,1909f56bfc062723c751e8b465ee728b) (PreviewImporter) -> (artifact id: 'db19db65ef6073ea4dee5add355655fc') in 0.0121062 seconds
Number of updated asset objects reloaded before import = 0Number of asset objects unloaded after import = 3

========================================================================
Received Import Request.
  Time since last request: 0.000014 seconds.
  path: Assets/Map/MapSprites/Tiles/objects_41.asset
  artifactKey: Guid(69716b20ed5cb414c9481a110374f4cc) Importer(815301076,1909f56bfc062723c751e8b465ee728b)
Start importing Assets/Map/MapSprites/Tiles/objects_41.asset using Guid(69716b20ed5cb414c9481a110374f4cc) Importer(815301076,1909f56bfc062723c751e8b465ee728b) (PreviewImporter) -> (artifact id: '5610843810678a6361d243748dda72ad') in 0.0195568 seconds
Number of updated asset objects reloaded before import = 0Number of asset objects unloaded after import = 3

========================================================================
Received Import Request.
  Time since last request: 0.000014 seconds.
  path: Assets/Map/MapSprites/Tiles/objects_43.asset
  artifactKey: Guid(c1af57b7dfa1f4342bb93e1d18f32f8b) Importer(815301076,1909f56bfc062723c751e8b465ee728b)
Start importing Assets/Map/MapSprites/Tiles/objects_43.asset using Guid(c1af57b7dfa1f4342bb93e1d18f32f8b) Importer(815301076,1909f56bfc062723c751e8b465ee728b) (PreviewImporter) -> (artifact id: 'c0e23b67a2956826fe3c7012409bdb07') in 0.0179391 seconds
Number of updated asset objects reloaded before import = 0Number of asset objects unloaded after import = 3

========================================================================
Received Import Request.
  Time since last request: 0.000018 seconds.
  path: Assets/Map/MapSprites/Tiles/objects_47.asset
  artifactKey: Guid(9556b22e1fafdc94aa230226af0bc8ab) Importer(815301076,1909f56bfc062723c751e8b465ee728b)
Start importing Assets/Map/MapSprites/Tiles/objects_47.asset using Guid(9556b22e1fafdc94aa230226af0bc8ab) Importer(815301076,1909f56bfc062723c751e8b465ee728b) (PreviewImporter) -> (artifact id: '73087a0f541b6a381b54f85502897289') in 0.0116277 seconds
Number of updated asset objects reloaded before import = 0Number of asset objects unloaded after import = 3

========================================================================
Received Import Request.
  Time since last request: 0.000015 seconds.
  path: Assets/Map/MapSprites/Tiles/objects_26.asset
  artifactKey: Guid(479129e693471924099fe851ad91d492) Importer(815301076,1909f56bfc062723c751e8b465ee728b)
Start importing Assets/Map/MapSprites/Tiles/objects_26.asset using Guid(479129e693471924099fe851ad91d492) Importer(815301076,1909f56bfc062723c751e8b465ee728b) (PreviewImporter) -> (artifact id: 'd9f8a1ef707580105e8269c8c3f5edfe') in 0.0096285 seconds
Number of updated asset objects reloaded before import = 0Number of asset objects unloaded after import = 3

========================================================================
Received Import Request.
  Time since last request: 0.000014 seconds.
  path: Assets/Map/MapSprites/Tiles/objects_4.asset
  artifactKey: Guid(502d43f651a6e3c4a8f2cc6782372cc1) Importer(815301076,1909f56bfc062723c751e8b465ee728b)
Start importing Assets/Map/MapSprites/Tiles/objects_4.asset using Guid(502d43f651a6e3c4a8f2cc6782372cc1) Importer(815301076,1909f56bfc062723c751e8b465ee728b) (PreviewImporter) -> (artifact id: '18ee3b4800abdc9250c9d744b1b78ab2') in 0.0109818 seconds
Number of updated asset objects reloaded before import = 0Number of asset objects unloaded after import = 3

========================================================================
Received Import Request.
  Time since last request: 0.000015 seconds.
  path: Assets/Map/MapSprites/Tiles/objects_30.asset
  artifactKey: Guid(5770134d1844e764e8d01310cde0ae20) Importer(815301076,1909f56bfc062723c751e8b465ee728b)
Start importing Assets/Map/MapSprites/Tiles/objects_30.asset using Guid(5770134d1844e764e8d01310cde0ae20) Importer(815301076,1909f56bfc062723c751e8b465ee728b) (PreviewImporter) -> (artifact id: '2828c35225a8b73520aeb55a628ed95c') in 0.0184048 seconds
Number of updated asset objects reloaded before import = 0Number of asset objects unloaded after import = 3

========================================================================
Received Import Request.
  Time since last request: 0.000014 seconds.
  path: Assets/Map/MapSprites/Tiles/objects_5.asset
  artifactKey: Guid(0253938bb93c98f4692404f1abbc95c8) Importer(815301076,1909f56bfc062723c751e8b465ee728b)
Start importing Assets/Map/MapSprites/Tiles/objects_5.asset using Guid(0253938bb93c98f4692404f1abbc95c8) Importer(815301076,1909f56bfc062723c751e8b465ee728b) (PreviewImporter) -> (artifact id: '1bb6fd581acc3e5b2c86c9248d3d9911') in 0.0226102 seconds
Number of updated asset objects reloaded before import = 0Number of asset objects unloaded after import = 3

========================================================================
Received Import Request.
  Time since last request: 0.000017 seconds.
  path: Assets/Map/MapSprites/Tiles/objects_24.asset
  artifactKey: Guid(f57c7d02f5171584ebd5083fc4db8432) Importer(815301076,1909f56bfc062723c751e8b465ee728b)
Start importing Assets/Map/MapSprites/Tiles/objects_24.asset using Guid(f57c7d02f5171584ebd5083fc4db8432) Importer(815301076,1909f56bfc062723c751e8b465ee728b) (PreviewImporter) -> (artifact id: 'f0b34e24019a10179366286accb2ebdd') in 0.0103272 seconds
Number of updated asset objects reloaded before import = 0Number of asset objects unloaded after import = 3

========================================================================
Received Import Request.
  Time since last request: 0.000013 seconds.
  path: Assets/Map/MapSprites/Tiles/objects_12.asset
  artifactKey: Guid(0462d1eeea5e3384bb31da3fa709133c) Importer(815301076,1909f56bfc062723c751e8b465ee728b)
Start importing Assets/Map/MapSprites/Tiles/objects_12.asset using Guid(0462d1eeea5e3384bb31da3fa709133c) Importer(815301076,1909f56bfc062723c751e8b465ee728b) (PreviewImporter) -> (artifact id: 'd0e4935718fc141f42d6b81bf53226df') in 0.0123456 seconds
Number of updated asset objects reloaded before import = 0Number of asset objects unloaded after import = 3

========================================================================
Received Import Request.
  Time since last request: 0.000017 seconds.
  path: Assets/Map/MapSprites/Tiles/objects_25.asset
  artifactKey: Guid(000c13818b7cdc4419c31daec4980c2f) Importer(815301076,1909f56bfc062723c751e8b465ee728b)
Start importing Assets/Map/MapSprites/Tiles/objects_25.asset using Guid(000c13818b7cdc4419c31daec4980c2f) Importer(815301076,1909f56bfc062723c751e8b465ee728b) (PreviewImporter) -> (artifact id: '906726fae2205c3ffaf9bb8dd027fc65') in 0.0149276 seconds
Number of updated asset objects reloaded before import = 0Number of asset objects unloaded after import = 3

========================================================================
Received Import Request.
  Time since last request: 0.000021 seconds.
  path: Assets/Map/MapSprites/Tiles/objects_39.asset
  artifactKey: Guid(c0bf41f7b37899943bfc6910a6cbfb9b) Importer(815301076,1909f56bfc062723c751e8b465ee728b)
Start importing Assets/Map/MapSprites/Tiles/objects_39.asset using Guid(c0bf41f7b37899943bfc6910a6cbfb9b) Importer(815301076,1909f56bfc062723c751e8b465ee728b) (PreviewImporter) -> (artifact id: '689106469388a8dffe4dca653a664374') in 0.0130782 seconds
Number of updated asset objects reloaded before import = 0Number of asset objects unloaded after import = 3

========================================================================
Received Import Request.
  Time since last request: 0.000021 seconds.
  path: Assets/Map/MapSprites/Tiles/objects_16.asset
  artifactKey: Guid(4ba04164a20db2542810fbc2f16f400d) Importer(815301076,1909f56bfc062723c751e8b465ee728b)
Start importing Assets/Map/MapSprites/Tiles/objects_16.asset using Guid(4ba04164a20db2542810fbc2f16f400d) Importer(815301076,1909f56bfc062723c751e8b465ee728b) (PreviewImporter) -> (artifact id: '575dfb722be42803988d0ab144e11f81') in 0.0107966 seconds
Number of updated asset objects reloaded before import = 0Number of asset objects unloaded after import = 3

========================================================================
Received Import Request.
  Time since last request: 0.000035 seconds.
  path: Assets/Map/MapSprites/Tiles/objects_38.asset
  artifactKey: Guid(50e63922d0a6f8a40bc2507ba2e1c347) Importer(815301076,1909f56bfc062723c751e8b465ee728b)
Start importing Assets/Map/MapSprites/Tiles/objects_38.asset using Guid(50e63922d0a6f8a40bc2507ba2e1c347) Importer(815301076,1909f56bfc062723c751e8b465ee728b) (PreviewImporter) -> (artifact id: '2a3c11e1c2d3f311f3d6d98036b78e2c') in 0.0125471 seconds
Number of updated asset objects reloaded before import = 0Number of asset objects unloaded after import = 3

========================================================================
Received Import Request.
  Time since last request: 0.000029 seconds.
  path: Assets/Map/MapSprites/Tiles/objects_11.asset
  artifactKey: Guid(978de280bb4ce964c9a1191932872f41) Importer(815301076,1909f56bfc062723c751e8b465ee728b)
Start importing Assets/Map/MapSprites/Tiles/objects_11.asset using Guid(978de280bb4ce964c9a1191932872f41) Importer(815301076,1909f56bfc062723c751e8b465ee728b) (PreviewImporter) -> (artifact id: '7cc30d4137fa92fda589fe431ce19e20') in 0.0145286 seconds
Number of updated asset objects reloaded before import = 0Number of asset objects unloaded after import = 3

========================================================================
Received Import Request.
  Time since last request: 0.000022 seconds.
  path: Assets/Map/MapSprites/Tiles/objects_29.asset
  artifactKey: Guid(cab84a47753a91541a5547c247370b3a) Importer(815301076,1909f56bfc062723c751e8b465ee728b)
Start importing Assets/Map/MapSprites/Tiles/objects_29.asset using Guid(cab84a47753a91541a5547c247370b3a) Importer(815301076,1909f56bfc062723c751e8b465ee728b) (PreviewImporter) -> (artifact id: 'f2f629e5c3476e1dc672e59bcd1ced48') in 0.0125489 seconds
Number of updated asset objects reloaded before import = 0Number of asset objects unloaded after import = 3

========================================================================
Received Import Request.
  Time since last request: 0.000017 seconds.
  path: Assets/Map/MapSprites/Tiles/objects_32.asset
  artifactKey: Guid(d7cd2af6f47080746aadb407006c57ac) Importer(815301076,1909f56bfc062723c751e8b465ee728b)
Start importing Assets/Map/MapSprites/Tiles/objects_32.asset using Guid(d7cd2af6f47080746aadb407006c57ac) Importer(815301076,1909f56bfc062723c751e8b465ee728b) (PreviewImporter) -> (artifact id: '92f1091e7c899be415c507babef4c5c1') in 0.0109566 seconds
Number of updated asset objects reloaded before import = 0Number of asset objects unloaded after import = 3

========================================================================
Received Import Request.
  Time since last request: 0.000015 seconds.
  path: Assets/Map/MapSprites/Tiles/objects_3.asset
  artifactKey: Guid(4e5036d2e03d2a24fbb6965384e3799b) Importer(815301076,1909f56bfc062723c751e8b465ee728b)
Start importing Assets/Map/MapSprites/Tiles/objects_3.asset using Guid(4e5036d2e03d2a24fbb6965384e3799b) Importer(815301076,1909f56bfc062723c751e8b465ee728b) (PreviewImporter) -> (artifact id: 'f28ae634ea5bbfdbbf3d33d6eeb00bab') in 0.0114319 seconds
Number of updated asset objects reloaded before import = 0Number of asset objects unloaded after import = 3

========================================================================
Received Import Request.
  Time since last request: 0.000027 seconds.
  path: Assets/Map/MapSprites/Tiles/objects_44.asset
  artifactKey: Guid(640aa002243e69f46b81d211d28f8b21) Importer(815301076,1909f56bfc062723c751e8b465ee728b)
Start importing Assets/Map/MapSprites/Tiles/objects_44.asset using Guid(640aa002243e69f46b81d211d28f8b21) Importer(815301076,1909f56bfc062723c751e8b465ee728b) (PreviewImporter) -> (artifact id: 'ca8f79d49750618ad241e37b5b5b0e5a') in 0.0126772 seconds
Number of updated asset objects reloaded before import = 0Number of asset objects unloaded after import = 3

========================================================================
Received Import Request.
  Time since last request: 0.226308 seconds.
  path: Assets/Map/MapSprites/Tiles/objects_49.asset
  artifactKey: Guid(e65afecae9962974c9bbd5274eed6b0e) Importer(815301076,1909f56bfc062723c751e8b465ee728b)
Start importing Assets/Map/MapSprites/Tiles/objects_49.asset using Guid(e65afecae9962974c9bbd5274eed6b0e) Importer(815301076,1909f56bfc062723c751e8b465ee728b) (PreviewImporter) -> (artifact id: '8ef43a98a2cc6596b53640b62aa2a46c') in 0.0228278 seconds
Number of updated asset objects reloaded before import = 0Number of asset objects unloaded after import = 3

========================================================================
Received Import Request.
  Time since last request: 0.000020 seconds.
  path: Assets/Map/MapSprites/Tiles/objects_54.asset
  artifactKey: Guid(be567706f18b8e84f85f2a25ebba449f) Importer(815301076,1909f56bfc062723c751e8b465ee728b)
Start importing Assets/Map/MapSprites/Tiles/objects_54.asset using Guid(be567706f18b8e84f85f2a25ebba449f) Importer(815301076,1909f56bfc062723c751e8b465ee728b) (PreviewImporter) -> (artifact id: '5f0fbbec3fbd31173152760a5b3dde50') in 0.0104212 seconds
Number of updated asset objects reloaded before import = 0Number of asset objects unloaded after import = 3

========================================================================
Received Import Request.
  Time since last request: 0.000018 seconds.
  path: Assets/Map/MapSprites/Tiles/objects_51.asset
  artifactKey: Guid(56812f7a38364e342a44cfe8a3bb7d7e) Importer(815301076,1909f56bfc062723c751e8b465ee728b)
Start importing Assets/Map/MapSprites/Tiles/objects_51.asset using Guid(56812f7a38364e342a44cfe8a3bb7d7e) Importer(815301076,1909f56bfc062723c751e8b465ee728b) (PreviewImporter) -> (artifact id: '57201198c8fe92011262b8557e7fe10d') in 0.0127371 seconds
Number of updated asset objects reloaded before import = 0Number of asset objects unloaded after import = 3

========================================================================
Received Import Request.
  Time since last request: 0.000016 seconds.
  path: Assets/Map/MapSprites/Tiles/objects_60.asset
  artifactKey: Guid(36a330b786e8a144aa0c30a80b33714a) Importer(815301076,1909f56bfc062723c751e8b465ee728b)
Start importing Assets/Map/MapSprites/Tiles/objects_60.asset using Guid(36a330b786e8a144aa0c30a80b33714a) Importer(815301076,1909f56bfc062723c751e8b465ee728b) (PreviewImporter) -> (artifact id: '054836983b5c93693587478b3a7b64fc') in 0.0113376 seconds
Number of updated asset objects reloaded before import = 0Number of asset objects unloaded after import = 3

========================================================================
Received Import Request.
  Time since last request: 0.000018 seconds.
  path: Assets/Map/MapSprites/Tiles/objects_69.asset
  artifactKey: Guid(0650fef9536c02c4086d048956a8566e) Importer(815301076,1909f56bfc062723c751e8b465ee728b)
Start importing Assets/Map/MapSprites/Tiles/objects_69.asset using Guid(0650fef9536c02c4086d048956a8566e) Importer(815301076,1909f56bfc062723c751e8b465ee728b) (PreviewImporter) -> (artifact id: '23236365b522e34e90b50f77d1c91808') in 0.0109572 seconds
Number of updated asset objects reloaded before import = 0Number of asset objects unloaded after import = 3

========================================================================
Received Import Request.
  Time since last request: 0.000015 seconds.
  path: Assets/Map/MapSprites/Tiles/objects_67.asset
  artifactKey: Guid(4834a94772644ac4795144ca771e7bb6) Importer(815301076,1909f56bfc062723c751e8b465ee728b)
Start importing Assets/Map/MapSprites/Tiles/objects_67.asset using Guid(4834a94772644ac4795144ca771e7bb6) Importer(815301076,1909f56bfc062723c751e8b465ee728b) (PreviewImporter) -> (artifact id: '9e9a7762658f85308567cae5eb119b38') in 0.0102113 seconds
Number of updated asset objects reloaded before import = 0Number of asset objects unloaded after import = 3

========================================================================
Received Import Request.
  Time since last request: 0.000019 seconds.
  path: Assets/Map/MapSprites/Tiles/objects_76.asset
  artifactKey: Guid(a5f3e2c163b67e14a80a6b84d20365c1) Importer(815301076,1909f56bfc062723c751e8b465ee728b)
Start importing Assets/Map/MapSprites/Tiles/objects_76.asset using Guid(a5f3e2c163b67e14a80a6b84d20365c1) Importer(815301076,1909f56bfc062723c751e8b465ee728b) (PreviewImporter) -> (artifact id: '2b980cafdb881273bc528fcc3899e74b') in 0.011465 seconds
Number of updated asset objects reloaded before import = 0Number of asset objects unloaded after import = 3

========================================================================
Received Import Request.
  Time since last request: 0.000018 seconds.
  path: Assets/Map/MapSprites/Tiles/objects_73.asset
  artifactKey: Guid(584a1537da68b7e4eb98c2259c41cb08) Importer(815301076,1909f56bfc062723c751e8b465ee728b)
Start importing Assets/Map/MapSprites/Tiles/objects_73.asset using Guid(584a1537da68b7e4eb98c2259c41cb08) Importer(815301076,1909f56bfc062723c751e8b465ee728b) (PreviewImporter) -> (artifact id: '29fb60c97401ad30123fbd79780df21b') in 0.0106978 seconds
Number of updated asset objects reloaded before import = 0Number of asset objects unloaded after import = 3

========================================================================
Received Import Request.
  Time since last request: 0.000027 seconds.
  path: Assets/Map/MapSprites/Tiles/objects_74.asset
  artifactKey: Guid(69a32bad7ba64684d9a07ad077d80c6b) Importer(815301076,1909f56bfc062723c751e8b465ee728b)
Start importing Assets/Map/MapSprites/Tiles/objects_74.asset using Guid(69a32bad7ba64684d9a07ad077d80c6b) Importer(815301076,1909f56bfc062723c751e8b465ee728b) (PreviewImporter) -> (artifact id: '23c85e58b6141953b236af25db13eb66') in 0.0113791 seconds
Number of updated asset objects reloaded before import = 0Number of asset objects unloaded after import = 3

========================================================================
Received Import Request.
  Time since last request: 0.000024 seconds.
  path: Assets/Map/MapSprites/Tiles/objects_64.asset
  artifactKey: Guid(f2e65f17f75105c4a997d5a778fd1feb) Importer(815301076,1909f56bfc062723c751e8b465ee728b)
Start importing Assets/Map/MapSprites/Tiles/objects_64.asset using Guid(f2e65f17f75105c4a997d5a778fd1feb) Importer(815301076,1909f56bfc062723c751e8b465ee728b) (PreviewImporter) -> (artifact id: 'e016f701eccf0da5dbfec7e11319c98b') in 0.011689 seconds
Number of updated asset objects reloaded before import = 0Number of asset objects unloaded after import = 3

========================================================================
Received Import Request.
  Time since last request: 0.000029 seconds.
  path: Assets/Map/MapSprites/Tiles/objects_65.asset
  artifactKey: Guid(eabd7379db9ed1e45885612bffcac9ac) Importer(815301076,1909f56bfc062723c751e8b465ee728b)
Start importing Assets/Map/MapSprites/Tiles/objects_65.asset using Guid(eabd7379db9ed1e45885612bffcac9ac) Importer(815301076,1909f56bfc062723c751e8b465ee728b) (PreviewImporter) -> (artifact id: '1c9a057a2e108e307499ea308a5784b2') in 0.0127447 seconds
Number of updated asset objects reloaded before import = 0Number of asset objects unloaded after import = 3

========================================================================
Received Import Request.
  Time since last request: 0.000025 seconds.
  path: Assets/Map/MapSprites/Tiles/objects_77.asset
  artifactKey: Guid(ab5f5fc83d188f44a9010588f9220c6b) Importer(815301076,1909f56bfc062723c751e8b465ee728b)
Start importing Assets/Map/MapSprites/Tiles/objects_77.asset using Guid(ab5f5fc83d188f44a9010588f9220c6b) Importer(815301076,1909f56bfc062723c751e8b465ee728b) (PreviewImporter) -> (artifact id: 'deba5b1e01a8672f082ecde8e1192e70') in 0.0106665 seconds
Number of updated asset objects reloaded before import = 0Number of asset objects unloaded after import = 3

========================================================================
Received Import Request.
  Time since last request: 0.000016 seconds.
  path: Assets/Map/MapSprites/Tiles/objects_52.asset
  artifactKey: Guid(ad04e6f390075514780ff7654f25269e) Importer(815301076,1909f56bfc062723c751e8b465ee728b)
Start importing Assets/Map/MapSprites/Tiles/objects_52.asset using Guid(ad04e6f390075514780ff7654f25269e) Importer(815301076,1909f56bfc062723c751e8b465ee728b) (PreviewImporter) -> (artifact id: '5bd9ce96d40e585ccdee7d455c6fb37d') in 0.0108218 seconds
Number of updated asset objects reloaded before import = 0Number of asset objects unloaded after import = 3

========================================================================
Received Import Request.
  Time since last request: 0.000018 seconds.
  path: Assets/Map/MapSprites/Tiles/objects_63.asset
  artifactKey: Guid(da1d1f40ea3e288499d35b5d93e081f8) Importer(815301076,1909f56bfc062723c751e8b465ee728b)
Start importing Assets/Map/MapSprites/Tiles/objects_63.asset using Guid(da1d1f40ea3e288499d35b5d93e081f8) Importer(815301076,1909f56bfc062723c751e8b465ee728b) (PreviewImporter) -> (artifact id: 'ad7d60f8ec0b89446baba75e9a8ba49e') in 0.0099202 seconds
Number of updated asset objects reloaded before import = 0Number of asset objects unloaded after import = 3

========================================================================
Received Import Request.
  Time since last request: 0.000015 seconds.
  path: Assets/Map/MapSprites/Tiles/objects_68.asset
  artifactKey: Guid(332ad3e5165647c42bbb683e740fe0cf) Importer(815301076,1909f56bfc062723c751e8b465ee728b)
Start importing Assets/Map/MapSprites/Tiles/objects_68.asset using Guid(332ad3e5165647c42bbb683e740fe0cf) Importer(815301076,1909f56bfc062723c751e8b465ee728b) (PreviewImporter) -> (artifact id: '7aa05ecfe99e50a8647478c9a31a36a8') in 0.0100179 seconds
Number of updated asset objects reloaded before import = 0Number of asset objects unloaded after import = 3

========================================================================
Received Import Request.
  Time since last request: 0.000019 seconds.
  path: Assets/Map/MapSprites/Tiles/objects_75.asset
  artifactKey: Guid(fbcee2b8fdf959446980dd1545bcd9b9) Importer(815301076,1909f56bfc062723c751e8b465ee728b)
Start importing Assets/Map/MapSprites/Tiles/objects_75.asset using Guid(fbcee2b8fdf959446980dd1545bcd9b9) Importer(815301076,1909f56bfc062723c751e8b465ee728b) (PreviewImporter) -> (artifact id: '1a82c15a04e244e55358501db2eaadd4') in 0.0108773 seconds
Number of updated asset objects reloaded before import = 0Number of asset objects unloaded after import = 3

========================================================================
Received Import Request.
  Time since last request: 0.000020 seconds.
  path: Assets/Map/MapSprites/Tiles/objects_59.asset
  artifactKey: Guid(0decb1323d3d7b647b0dac33c39908fc) Importer(815301076,1909f56bfc062723c751e8b465ee728b)
Start importing Assets/Map/MapSprites/Tiles/objects_59.asset using Guid(0decb1323d3d7b647b0dac33c39908fc) Importer(815301076,1909f56bfc062723c751e8b465ee728b) (PreviewImporter) -> (artifact id: '5ab55d2eedd1c0c5b0928343cb912c45') in 0.0101957 seconds
Number of updated asset objects reloaded before import = 0Number of asset objects unloaded after import = 3

========================================================================
Received Import Request.
  Time since last request: 0.000017 seconds.
  path: Assets/Map/MapSprites/Tiles/objects_78.asset
  artifactKey: Guid(9505913b49a0c8943a3ecd69d46382fc) Importer(815301076,1909f56bfc062723c751e8b465ee728b)
Start importing Assets/Map/MapSprites/Tiles/objects_78.asset using Guid(9505913b49a0c8943a3ecd69d46382fc) Importer(815301076,1909f56bfc062723c751e8b465ee728b) (PreviewImporter) -> (artifact id: 'eb9d0d8afb36125f231a583208798622') in 0.0116055 seconds
Number of updated asset objects reloaded before import = 0Number of asset objects unloaded after import = 3

========================================================================
Received Import Request.
  Time since last request: 0.121349 seconds.
  path: Assets/Map/MapSprites/Tiles/objects_85.asset
  artifactKey: Guid(37d909aa83ed8b84fa1a6b947234e012) Importer(815301076,1909f56bfc062723c751e8b465ee728b)
Start importing Assets/Map/MapSprites/Tiles/objects_85.asset using Guid(37d909aa83ed8b84fa1a6b947234e012) Importer(815301076,1909f56bfc062723c751e8b465ee728b) (PreviewImporter) -> (artifact id: 'e39bdab050c621426dd4d29a1c4daf16') in 0.0117743 seconds
Number of updated asset objects reloaded before import = 0Number of asset objects unloaded after import = 3

========================================================================
Received Import Request.
  Time since last request: 0.000019 seconds.
  path: Assets/Map/MapSprites/Tiles/objects_87.asset
  artifactKey: Guid(bdd3121cc716aed4187e6fda5229c431) Importer(815301076,1909f56bfc062723c751e8b465ee728b)
Start importing Assets/Map/MapSprites/Tiles/objects_87.asset using Guid(bdd3121cc716aed4187e6fda5229c431) Importer(815301076,1909f56bfc062723c751e8b465ee728b) (PreviewImporter) -> (artifact id: '79278e41a8580a6f97d4e245045990bf') in 0.0117239 seconds
Number of updated asset objects reloaded before import = 0Number of asset objects unloaded after import = 3

========================================================================
Received Import Request.
  Time since last request: 0.000026 seconds.
  path: Assets/Map/MapSprites/Tiles/objects_89.asset
  artifactKey: Guid(67993727bdaf1814698d220f5180369f) Importer(815301076,1909f56bfc062723c751e8b465ee728b)
Start importing Assets/Map/MapSprites/Tiles/objects_89.asset using Guid(67993727bdaf1814698d220f5180369f) Importer(815301076,1909f56bfc062723c751e8b465ee728b) (PreviewImporter) -> (artifact id: 'e66242993aba30a6935554f5917c2160') in 0.0117159 seconds
Number of updated asset objects reloaded before import = 0Number of asset objects unloaded after import = 3

========================================================================
Received Import Request.
  Time since last request: 0.000026 seconds.
  path: Assets/Map/MapSprites/Tiles/objects_104.asset
  artifactKey: Guid(9379ba2d2cca90a4783a2604db01ec73) Importer(815301076,1909f56bfc062723c751e8b465ee728b)
Start importing Assets/Map/MapSprites/Tiles/objects_104.asset using Guid(9379ba2d2cca90a4783a2604db01ec73) Importer(815301076,1909f56bfc062723c751e8b465ee728b) (PreviewImporter) -> (artifact id: '2293fe9b6fe947033b1d2b7238775501') in 0.0118046 seconds
Number of updated asset objects reloaded before import = 0Number of asset objects unloaded after import = 3

========================================================================
Received Import Request.
  Time since last request: 0.000018 seconds.
  path: Assets/Map/MapSprites/Tiles/objects_106.asset
  artifactKey: Guid(b117d44c809c645489b991f7dd993ca3) Importer(815301076,1909f56bfc062723c751e8b465ee728b)
Start importing Assets/Map/MapSprites/Tiles/objects_106.asset using Guid(b117d44c809c645489b991f7dd993ca3) Importer(815301076,1909f56bfc062723c751e8b465ee728b) (PreviewImporter) -> (artifact id: '3f3e03bffb276d564d0f1ce30c25413e') in 0.0109759 seconds
Number of updated asset objects reloaded before import = 0Number of asset objects unloaded after import = 3

========================================================================
Received Import Request.
  Time since last request: 0.000026 seconds.
  path: Assets/Map/MapSprites/Tiles/objects_110.asset
  artifactKey: Guid(dd6812a0f9bcca54380ac7bddea1a7cc) Importer(815301076,1909f56bfc062723c751e8b465ee728b)
Start importing Assets/Map/MapSprites/Tiles/objects_110.asset using Guid(dd6812a0f9bcca54380ac7bddea1a7cc) Importer(815301076,1909f56bfc062723c751e8b465ee728b) (PreviewImporter) -> (artifact id: 'c444594bf3e5295d3dc3e92e897592d4') in 0.0123088 seconds
Number of updated asset objects reloaded before import = 0Number of asset objects unloaded after import = 3

========================================================================
Received Import Request.
  Time since last request: 0.000019 seconds.
  path: Assets/Map/MapSprites/Tiles/objects_108.asset
  artifactKey: Guid(e60fdeff7baed214487779ca31c791c9) Importer(815301076,1909f56bfc062723c751e8b465ee728b)
Start importing Assets/Map/MapSprites/Tiles/objects_108.asset using Guid(e60fdeff7baed214487779ca31c791c9) Importer(815301076,1909f56bfc062723c751e8b465ee728b) (PreviewImporter) -> (artifact id: 'cbe7207779806cdfbc8ae3262f8a9c41') in 0.0120519 seconds
Number of updated asset objects reloaded before import = 0Number of asset objects unloaded after import = 3

========================================================================
Received Import Request.
  Time since last request: 0.000017 seconds.
  path: Assets/Map/MapSprites/Tiles/objects_99.asset
  artifactKey: Guid(56aeafb059ee3dd4a86a37437645ee4e) Importer(815301076,1909f56bfc062723c751e8b465ee728b)
Start importing Assets/Map/MapSprites/Tiles/objects_99.asset using Guid(56aeafb059ee3dd4a86a37437645ee4e) Importer(815301076,1909f56bfc062723c751e8b465ee728b) (PreviewImporter) -> (artifact id: 'f2cc1e59bb3c9a1c6263a218b9f4e185') in 0.0125963 seconds
Number of updated asset objects reloaded before import = 0Number of asset objects unloaded after import = 3

========================================================================
Received Import Request.
  Time since last request: 0.000019 seconds.
  path: Assets/Map/MapSprites/Tiles/objects_115.asset
  artifactKey: Guid(6da78b0ade40d5842919566740aea01c) Importer(815301076,1909f56bfc062723c751e8b465ee728b)
Start importing Assets/Map/MapSprites/Tiles/objects_115.asset using Guid(6da78b0ade40d5842919566740aea01c) Importer(815301076,1909f56bfc062723c751e8b465ee728b) (PreviewImporter) -> (artifact id: '78d4edd18c197da2f55b97fb49e3ffb0') in 0.0210976 seconds
Number of updated asset objects reloaded before import = 0Number of asset objects unloaded after import = 3

========================================================================
Received Import Request.
  Time since last request: 0.000017 seconds.
  path: Assets/Map/MapSprites/Tiles/objects_127.asset
  artifactKey: Guid(5988cc3cf34ffe74d9acabedab45fdc1) Importer(815301076,1909f56bfc062723c751e8b465ee728b)
Start importing Assets/Map/MapSprites/Tiles/objects_127.asset using Guid(5988cc3cf34ffe74d9acabedab45fdc1) Importer(815301076,1909f56bfc062723c751e8b465ee728b) (PreviewImporter) -> (artifact id: 'a5c9e118f9a369dc772fedc2da13bc6b') in 0.0106137 seconds
Number of updated asset objects reloaded before import = 0Number of asset objects unloaded after import = 3

========================================================================
Received Import Request.
  Time since last request: 0.000018 seconds.
  path: Assets/Map/MapSprites/Tiles/objects_132.asset
  artifactKey: Guid(184f0abb0b1ba4346bb97f1441744eaf) Importer(815301076,1909f56bfc062723c751e8b465ee728b)
Start importing Assets/Map/MapSprites/Tiles/objects_132.asset using Guid(184f0abb0b1ba4346bb97f1441744eaf) Importer(815301076,1909f56bfc062723c751e8b465ee728b) (PreviewImporter) -> (artifact id: '14f0652143212d3637bfb493ba39d73f') in 0.011836 seconds
Number of updated asset objects reloaded before import = 0Number of asset objects unloaded after import = 3

========================================================================
Received Import Request.
  Time since last request: 0.000016 seconds.
  path: Assets/Map/MapSprites/Tiles/objects_121.asset
  artifactKey: Guid(1b7d2a19643183b4881ac115af173baf) Importer(815301076,1909f56bfc062723c751e8b465ee728b)
Start importing Assets/Map/MapSprites/Tiles/objects_121.asset using Guid(1b7d2a19643183b4881ac115af173baf) Importer(815301076,1909f56bfc062723c751e8b465ee728b) (PreviewImporter) -> (artifact id: '9a859948d421364413cf5ed84b984ea9') in 0.0101563 seconds
Number of updated asset objects reloaded before import = 0Number of asset objects unloaded after import = 3

========================================================================
Received Import Request.
  Time since last request: 0.000018 seconds.
  path: Assets/Map/MapSprites/Tiles/objects_128.asset
  artifactKey: Guid(87a23a5349e8a33409a1adba6b05cf29) Importer(815301076,1909f56bfc062723c751e8b465ee728b)
Start importing Assets/Map/MapSprites/Tiles/objects_128.asset using Guid(87a23a5349e8a33409a1adba6b05cf29) Importer(815301076,1909f56bfc062723c751e8b465ee728b) (PreviewImporter) -> (artifact id: '517bffb8393e4da1a5a3ec2401883e06') in 0.0100841 seconds
Number of updated asset objects reloaded before import = 0Number of asset objects unloaded after import = 3

========================================================================
Received Import Request.
  Time since last request: 0.000016 seconds.
  path: Assets/Map/MapSprites/Tiles/objects_129.asset
  artifactKey: Guid(6623d3989c8b8f94b9cfc5b02643c883) Importer(815301076,1909f56bfc062723c751e8b465ee728b)
Start importing Assets/Map/MapSprites/Tiles/objects_129.asset using Guid(6623d3989c8b8f94b9cfc5b02643c883) Importer(815301076,1909f56bfc062723c751e8b465ee728b) (PreviewImporter) -> (artifact id: '2440a234a1ffa076629186f7a30b51ac') in 0.0107715 seconds
Number of updated asset objects reloaded before import = 0Number of asset objects unloaded after import = 3

========================================================================
Received Import Request.
  Time since last request: 0.000020 seconds.
  path: Assets/Map/MapSprites/Tiles/objects_111.asset
  artifactKey: Guid(0aa6960b97671b048bce379dc999a7f4) Importer(815301076,1909f56bfc062723c751e8b465ee728b)
Start importing Assets/Map/MapSprites/Tiles/objects_111.asset using Guid(0aa6960b97671b048bce379dc999a7f4) Importer(815301076,1909f56bfc062723c751e8b465ee728b) (PreviewImporter) -> (artifact id: 'd3607b2e98fc9ae135702d9124d80abe') in 0.0106298 seconds
Number of updated asset objects reloaded before import = 0Number of asset objects unloaded after import = 3

========================================================================
Received Import Request.
  Time since last request: 0.000019 seconds.
  path: Assets/Map/MapSprites/Tiles/objects_113.asset
  artifactKey: Guid(bf7511b00b841b549914ac1a6fed1c09) Importer(815301076,1909f56bfc062723c751e8b465ee728b)
Start importing Assets/Map/MapSprites/Tiles/objects_113.asset using Guid(bf7511b00b841b549914ac1a6fed1c09) Importer(815301076,1909f56bfc062723c751e8b465ee728b) (PreviewImporter) -> (artifact id: 'ec7276b46183ec1b7a786d7740347c0e') in 0.0108707 seconds
Number of updated asset objects reloaded before import = 0Number of asset objects unloaded after import = 3

========================================================================
Received Import Request.
  Time since last request: 0.000025 seconds.
  path: Assets/Map/MapSprites/Tiles/objects_100.asset
  artifactKey: Guid(204c64a5b5c77a4469d7bcdd367cf53a) Importer(815301076,1909f56bfc062723c751e8b465ee728b)
Start importing Assets/Map/MapSprites/Tiles/objects_100.asset using Guid(204c64a5b5c77a4469d7bcdd367cf53a) Importer(815301076,1909f56bfc062723c751e8b465ee728b) (PreviewImporter) -> (artifact id: 'aa09ddfb475c078642837f1106d7e128') in 0.0106775 seconds
Number of updated asset objects reloaded before import = 0Number of asset objects unloaded after import = 3

========================================================================
Received Import Request.
  Time since last request: 0.000018 seconds.
  path: Assets/Map/MapSprites/Tiles/objects_123.asset
  artifactKey: Guid(7b387afe63b17234ab46523e8e9f67ef) Importer(815301076,1909f56bfc062723c751e8b465ee728b)
Start importing Assets/Map/MapSprites/Tiles/objects_123.asset using Guid(7b387afe63b17234ab46523e8e9f67ef) Importer(815301076,1909f56bfc062723c751e8b465ee728b) (PreviewImporter) -> (artifact id: 'f8799b9d08c141577eb7d76f73cdb06f') in 0.0100287 seconds
Number of updated asset objects reloaded before import = 0Number of asset objects unloaded after import = 3

========================================================================
Received Import Request.
  Time since last request: 0.000021 seconds.
  path: Assets/Map/MapSprites/Tiles/objects_125.asset
  artifactKey: Guid(634dbd402ae06494ab98e9df3f35bccc) Importer(815301076,1909f56bfc062723c751e8b465ee728b)
Start importing Assets/Map/MapSprites/Tiles/objects_125.asset using Guid(634dbd402ae06494ab98e9df3f35bccc) Importer(815301076,1909f56bfc062723c751e8b465ee728b) (PreviewImporter) -> (artifact id: 'eaf6e4123e795125ad40fbb593af72a9') in 0.0104719 seconds
Number of updated asset objects reloaded before import = 0Number of asset objects unloaded after import = 3

========================================================================
Received Import Request.
  Time since last request: 0.000019 seconds.
  path: Assets/Map/MapSprites/Tiles/objects_101.asset
  artifactKey: Guid(d18b60490db3b584594a79a8c7606ef5) Importer(815301076,1909f56bfc062723c751e8b465ee728b)
Start importing Assets/Map/MapSprites/Tiles/objects_101.asset using Guid(d18b60490db3b584594a79a8c7606ef5) Importer(815301076,1909f56bfc062723c751e8b465ee728b) (PreviewImporter) -> (artifact id: '3578ff1bdf038be8ee4f018255e19408') in 0.0124157 seconds
Number of updated asset objects reloaded before import = 0Number of asset objects unloaded after import = 3

========================================================================
Received Import Request.
  Time since last request: 0.000015 seconds.
  path: Assets/Map/MapSprites/Tiles/objects_102.asset
  artifactKey: Guid(36dcb2882c5e1da4a94a693b971b006e) Importer(815301076,1909f56bfc062723c751e8b465ee728b)
Start importing Assets/Map/MapSprites/Tiles/objects_102.asset using Guid(36dcb2882c5e1da4a94a693b971b006e) Importer(815301076,1909f56bfc062723c751e8b465ee728b) (PreviewImporter) -> (artifact id: 'b8a34ec2e40aa8db181ca8d8129367fe') in 0.0098559 seconds
Number of updated asset objects reloaded before import = 0Number of asset objects unloaded after import = 3

========================================================================
Received Import Request.
  Time since last request: 0.000019 seconds.
  path: Assets/Map/MapSprites/Tiles/objects_117.asset
  artifactKey: Guid(8f271ee00b5754d449815ad1fe1ecb69) Importer(815301076,1909f56bfc062723c751e8b465ee728b)
Start importing Assets/Map/MapSprites/Tiles/objects_117.asset using Guid(8f271ee00b5754d449815ad1fe1ecb69) Importer(815301076,1909f56bfc062723c751e8b465ee728b) (PreviewImporter) -> (artifact id: '1cfa7dc66a2fd471d4d5247b2f5d3870') in 0.0104128 seconds
Number of updated asset objects reloaded before import = 0Number of asset objects unloaded after import = 3

========================================================================
Received Import Request.
  Time since last request: 0.000014 seconds.
  path: Assets/Map/MapSprites/Tiles/objects_122.asset
  artifactKey: Guid(7af8e33ce558cda47a2ba605496d49f2) Importer(815301076,1909f56bfc062723c751e8b465ee728b)
Start importing Assets/Map/MapSprites/Tiles/objects_122.asset using Guid(7af8e33ce558cda47a2ba605496d49f2) Importer(815301076,1909f56bfc062723c751e8b465ee728b) (PreviewImporter) -> (artifact id: '966875dd02e67fe2448e68a969b633e5') in 0.0103273 seconds
Number of updated asset objects reloaded before import = 0Number of asset objects unloaded after import = 3

========================================================================
Received Import Request.
  Time since last request: 0.000020 seconds.
  path: Assets/Map/MapSprites/Tiles/objects_90.asset
  artifactKey: Guid(13f594df07d9751419300dc68b4a56c4) Importer(815301076,1909f56bfc062723c751e8b465ee728b)
Start importing Assets/Map/MapSprites/Tiles/objects_90.asset using Guid(13f594df07d9751419300dc68b4a56c4) Importer(815301076,1909f56bfc062723c751e8b465ee728b) (PreviewImporter) -> (artifact id: '4bc095c01cb4c305e0efb5b8ddda24f6') in 0.0116473 seconds
Number of updated asset objects reloaded before import = 0Number of asset objects unloaded after import = 3

========================================================================
Received Import Request.
  Time since last request: 0.142389 seconds.
  path: Assets/Map/MapSprites/Tiles/objects_133.asset
  artifactKey: Guid(36baa2a10a41cbd4ab30914ec6ee9c4f) Importer(815301076,1909f56bfc062723c751e8b465ee728b)
Start importing Assets/Map/MapSprites/Tiles/objects_133.asset using Guid(36baa2a10a41cbd4ab30914ec6ee9c4f) Importer(815301076,1909f56bfc062723c751e8b465ee728b) (PreviewImporter) -> (artifact id: '88f877f64bac5fbbffaf4543dd876fb0') in 0.0109101 seconds
Number of updated asset objects reloaded before import = 0Number of asset objects unloaded after import = 3

========================================================================
Received Import Request.
  Time since last request: 0.000019 seconds.
  path: Assets/Map/MapSprites/Tiles/objects_141.asset
  artifactKey: Guid(40774ac55fe51154da01919defb605d3) Importer(815301076,1909f56bfc062723c751e8b465ee728b)
Start importing Assets/Map/MapSprites/Tiles/objects_141.asset using Guid(40774ac55fe51154da01919defb605d3) Importer(815301076,1909f56bfc062723c751e8b465ee728b) (PreviewImporter) -> (artifact id: '74929dcce33c9dd7aa82b125769e1cd1') in 0.0110536 seconds
Number of updated asset objects reloaded before import = 0Number of asset objects unloaded after import = 3

========================================================================
Received Import Request.
  Time since last request: 0.000022 seconds.
  path: Assets/Map/MapSprites/Tiles/objects_140.asset
  artifactKey: Guid(86c76160118d97a4f88bebcbc9a54064) Importer(815301076,1909f56bfc062723c751e8b465ee728b)
Start importing Assets/Map/MapSprites/Tiles/objects_140.asset using Guid(86c76160118d97a4f88bebcbc9a54064) Importer(815301076,1909f56bfc062723c751e8b465ee728b) (PreviewImporter) -> (artifact id: 'ba19d23581af81462979b22805a56b9b') in 0.0101606 seconds
Number of updated asset objects reloaded before import = 0Number of asset objects unloaded after import = 3

========================================================================
Received Import Request.
  Time since last request: 0.000014 seconds.
  path: Assets/Map/MapSprites/Tiles/objects_139.asset
  artifactKey: Guid(b8edd3f4250b8374cba53b9b8fae18b6) Importer(815301076,1909f56bfc062723c751e8b465ee728b)
Start importing Assets/Map/MapSprites/Tiles/objects_139.asset using Guid(b8edd3f4250b8374cba53b9b8fae18b6) Importer(815301076,1909f56bfc062723c751e8b465ee728b) (PreviewImporter) -> (artifact id: 'ca8094dda90c45b4d373eeff159e08d8') in 0.0099314 seconds
Number of updated asset objects reloaded before import = 0Number of asset objects unloaded after import = 3

========================================================================
Received Import Request.
  Time since last request: 0.000014 seconds.
  path: Assets/Map/MapSprites/Tiles/objects_148.asset
  artifactKey: Guid(7711894c702a310458bbef2f34a2f285) Importer(815301076,1909f56bfc062723c751e8b465ee728b)
Start importing Assets/Map/MapSprites/Tiles/objects_148.asset using Guid(7711894c702a310458bbef2f34a2f285) Importer(815301076,1909f56bfc062723c751e8b465ee728b) (PreviewImporter) -> (artifact id: 'd3ae70430784f24d4a3b997095b04b1d') in 0.0101016 seconds
Number of updated asset objects reloaded before import = 0Number of asset objects unloaded after import = 3

========================================================================
Received Import Request.
  Time since last request: 0.000013 seconds.
  path: Assets/Map/MapSprites/Tiles/objects_145.asset
  artifactKey: Guid(d809a3d11d72d6447ac9e8668a4ac710) Importer(815301076,1909f56bfc062723c751e8b465ee728b)
Start importing Assets/Map/MapSprites/Tiles/objects_145.asset using Guid(d809a3d11d72d6447ac9e8668a4ac710) Importer(815301076,1909f56bfc062723c751e8b465ee728b) (PreviewImporter) -> (artifact id: '3501003c27bd30a14f7d32d611fc1c7a') in 0.0102127 seconds
Number of updated asset objects reloaded before import = 0Number of asset objects unloaded after import = 3

========================================================================
Received Import Request.
  Time since last request: 0.000015 seconds.
  path: Assets/Map/MapSprites/Tiles/objects_152.asset
  artifactKey: Guid(8c7a16aa412f55a4788b9de444911a9e) Importer(815301076,1909f56bfc062723c751e8b465ee728b)
Start importing Assets/Map/MapSprites/Tiles/objects_152.asset using Guid(8c7a16aa412f55a4788b9de444911a9e) Importer(815301076,1909f56bfc062723c751e8b465ee728b) (PreviewImporter) -> (artifact id: '67f8bf9deb5c2e67aec04061330298b4') in 0.0096838 seconds
Number of updated asset objects reloaded before import = 0Number of asset objects unloaded after import = 3

========================================================================
Received Import Request.
  Time since last request: 0.000016 seconds.
  path: Assets/Map/MapSprites/Tiles/objects_154.asset
  artifactKey: Guid(480e1b22474e02c4ba7185b314b11594) Importer(815301076,1909f56bfc062723c751e8b465ee728b)
Start importing Assets/Map/MapSprites/Tiles/objects_154.asset using Guid(480e1b22474e02c4ba7185b314b11594) Importer(815301076,1909f56bfc062723c751e8b465ee728b) (PreviewImporter) -> (artifact id: '0535435dffee714f222caf3249123259') in 0.0099082 seconds
Number of updated asset objects reloaded before import = 0Number of asset objects unloaded after import = 3

========================================================================
Received Import Request.
  Time since last request: 0.000018 seconds.
  path: Assets/Map/MapSprites/Tiles/objects_159.asset
  artifactKey: Guid(ff4263ee22505ec438b66d35687f3bc7) Importer(815301076,1909f56bfc062723c751e8b465ee728b)
Start importing Assets/Map/MapSprites/Tiles/objects_159.asset using Guid(ff4263ee22505ec438b66d35687f3bc7) Importer(815301076,1909f56bfc062723c751e8b465ee728b) (PreviewImporter) -> (artifact id: 'c659177b589c0d63b90afa5193cb3ed7') in 0.0103843 seconds
Number of updated asset objects reloaded before import = 0Number of asset objects unloaded after import = 3

========================================================================
Received Import Request.
  Time since last request: 0.000015 seconds.
  path: Assets/Map/MapSprites/Tiles/objects_149.asset
  artifactKey: Guid(e7dc49b01d23b81449c786128e76c604) Importer(815301076,1909f56bfc062723c751e8b465ee728b)
Start importing Assets/Map/MapSprites/Tiles/objects_149.asset using Guid(e7dc49b01d23b81449c786128e76c604) Importer(815301076,1909f56bfc062723c751e8b465ee728b) (PreviewImporter) -> (artifact id: '6bd84fc07febc585b7751a60d5ddc7ac') in 0.0097657 seconds
Number of updated asset objects reloaded before import = 0Number of asset objects unloaded after import = 3

========================================================================
Received Import Request.
  Time since last request: 0.000017 seconds.
  path: Assets/Map/MapSprites/Tiles/objects_164.asset
  artifactKey: Guid(a399943683c26c745aaa2ca25ab1f855) Importer(815301076,1909f56bfc062723c751e8b465ee728b)
Start importing Assets/Map/MapSprites/Tiles/objects_164.asset using Guid(a399943683c26c745aaa2ca25ab1f855) Importer(815301076,1909f56bfc062723c751e8b465ee728b) (PreviewImporter) -> (artifact id: '31536cd255c398ab27b4ca246593f5f7') in 0.0099737 seconds
Number of updated asset objects reloaded before import = 0Number of asset objects unloaded after import = 3

========================================================================
Received Import Request.
  Time since last request: 0.000014 seconds.
  path: Assets/Map/MapSprites/Tiles/objects_168.asset
  artifactKey: Guid(588da0dc53dc7e24c9e92b4c23c18e13) Importer(815301076,1909f56bfc062723c751e8b465ee728b)
Start importing Assets/Map/MapSprites/Tiles/objects_168.asset using Guid(588da0dc53dc7e24c9e92b4c23c18e13) Importer(815301076,1909f56bfc062723c751e8b465ee728b) (PreviewImporter) -> (artifact id: '1f4c9f297a5d69c47dcf2c59e65e18fa') in 0.0107041 seconds
Number of updated asset objects reloaded before import = 0Number of asset objects unloaded after import = 3

========================================================================
Received Import Request.
  Time since last request: 0.000014 seconds.
  path: Assets/Map/MapSprites/Tiles/objects_150.asset
  artifactKey: Guid(d0ff2d45b143bb845a37aca62177029e) Importer(815301076,1909f56bfc062723c751e8b465ee728b)
Start importing Assets/Map/MapSprites/Tiles/objects_150.asset using Guid(d0ff2d45b143bb845a37aca62177029e) Importer(815301076,1909f56bfc062723c751e8b465ee728b) (PreviewImporter) -> (artifact id: '8e5aa69c5fe723717ed1a767de131f05') in 0.0099908 seconds
Number of updated asset objects reloaded before import = 0Number of asset objects unloaded after import = 3

========================================================================
Received Import Request.
  Time since last request: 0.000016 seconds.
  path: Assets/Map/MapSprites/Tiles/objects_142.asset
  artifactKey: Guid(6505827b9e29f1445892323fcbb4b565) Importer(815301076,1909f56bfc062723c751e8b465ee728b)
Start importing Assets/Map/MapSprites/Tiles/objects_142.asset using Guid(6505827b9e29f1445892323fcbb4b565) Importer(815301076,1909f56bfc062723c751e8b465ee728b) (PreviewImporter) -> (artifact id: 'bc6ddcb29d661e49adafb32db99ba27d') in 0.0099779 seconds
Number of updated asset objects reloaded before import = 0Number of asset objects unloaded after import = 3

========================================================================
Received Import Request.
  Time since last request: 0.000020 seconds.
  path: Assets/Map/MapSprites/Tiles/objects_161.asset
  artifactKey: Guid(1d4248025d0393b41958f26f7991799e) Importer(815301076,1909f56bfc062723c751e8b465ee728b)
Start importing Assets/Map/MapSprites/Tiles/objects_161.asset using Guid(1d4248025d0393b41958f26f7991799e) Importer(815301076,1909f56bfc062723c751e8b465ee728b) (PreviewImporter) -> (artifact id: '7ff2dac5b551db2f709431d83ff4529f') in 0.0099452 seconds
Number of updated asset objects reloaded before import = 0Number of asset objects unloaded after import = 3

========================================================================
Received Import Request.
  Time since last request: 0.000018 seconds.
  path: Assets/Map/MapSprites/Tiles/objects_166.asset
  artifactKey: Guid(a9b6c6d0884383146a9a6dd37c57e76f) Importer(815301076,1909f56bfc062723c751e8b465ee728b)
Start importing Assets/Map/MapSprites/Tiles/objects_166.asset using Guid(a9b6c6d0884383146a9a6dd37c57e76f) Importer(815301076,1909f56bfc062723c751e8b465ee728b) (PreviewImporter) -> (artifact id: 'c07af8c05ce38f71ca71245af4961ebb') in 0.0100333 seconds
Number of updated asset objects reloaded before import = 0Number of asset objects unloaded after import = 3

========================================================================
Received Import Request.
  Time since last request: 0.000018 seconds.
  path: Assets/Map/MapSprites/Tiles/objects_157.asset
  artifactKey: Guid(ea8db0896f0af0942af66c242f855d69) Importer(815301076,1909f56bfc062723c751e8b465ee728b)
Start importing Assets/Map/MapSprites/Tiles/objects_157.asset using Guid(ea8db0896f0af0942af66c242f855d69) Importer(815301076,1909f56bfc062723c751e8b465ee728b) (PreviewImporter) -> (artifact id: '54bdac62f1f7db3339e662002f05f64e') in 0.009459 seconds
Number of updated asset objects reloaded before import = 0Number of asset objects unloaded after import = 3

========================================================================
Received Import Request.
  Time since last request: 0.000023 seconds.
  path: Assets/Map/MapSprites/Tiles/objects_138.asset
  artifactKey: Guid(882c27f3b9f6ff646b888bb63c50e6b0) Importer(815301076,1909f56bfc062723c751e8b465ee728b)
Start importing Assets/Map/MapSprites/Tiles/objects_138.asset using Guid(882c27f3b9f6ff646b888bb63c50e6b0) Importer(815301076,1909f56bfc062723c751e8b465ee728b) (PreviewImporter) -> (artifact id: 'ab3cd2b1eb94c8950091d6ff736f94ad') in 0.0103784 seconds
Number of updated asset objects reloaded before import = 0Number of asset objects unloaded after import = 3

========================================================================
Received Import Request.
  Time since last request: 0.341775 seconds.
  path: Assets/Map/MapSprites/Tiles/objects_169.asset
  artifactKey: Guid(5acd2605203e2d7468d92e7b1ec8e5ca) Importer(815301076,1909f56bfc062723c751e8b465ee728b)
Start importing Assets/Map/MapSprites/Tiles/objects_169.asset using Guid(5acd2605203e2d7468d92e7b1ec8e5ca) Importer(815301076,1909f56bfc062723c751e8b465ee728b) (PreviewImporter) -> (artifact id: '3ab8198019cfa47d5de1464fe890b97b') in 0.0105506 seconds
Number of updated asset objects reloaded before import = 0Number of asset objects unloaded after import = 3

========================================================================
Received Import Request.
  Time since last request: 0.000015 seconds.
  path: Assets/Map/MapSprites/Tiles/objects_171.asset
  artifactKey: Guid(a9c21a2e409dae64c9020f2b69ba00e1) Importer(815301076,1909f56bfc062723c751e8b465ee728b)
Start importing Assets/Map/MapSprites/Tiles/objects_171.asset using Guid(a9c21a2e409dae64c9020f2b69ba00e1) Importer(815301076,1909f56bfc062723c751e8b465ee728b) (PreviewImporter) -> (artifact id: '74571dfa64c29eef7aba458e7f636f19') in 0.0108287 seconds
Number of updated asset objects reloaded before import = 0Number of asset objects unloaded after import = 3

========================================================================
Received Import Request.
  Time since last request: 0.000019 seconds.
  path: Assets/Map/MapSprites/Tiles/objects_178.asset
  artifactKey: Guid(c963433118d42d74ebafaa2cac885ac7) Importer(815301076,1909f56bfc062723c751e8b465ee728b)
Start importing Assets/Map/MapSprites/Tiles/objects_178.asset using Guid(c963433118d42d74ebafaa2cac885ac7) Importer(815301076,1909f56bfc062723c751e8b465ee728b) (PreviewImporter) -> (artifact id: 'fdeeb63e43e868f60ddda1b2234c3844') in 0.0096927 seconds
Number of updated asset objects reloaded before import = 0Number of asset objects unloaded after import = 3

========================================================================
Received Import Request.
  Time since last request: 0.000017 seconds.
  path: Assets/Map/MapSprites/Tiles/objects_188.asset
  artifactKey: Guid(30b03531a0e27d94682aec5531db7247) Importer(815301076,1909f56bfc062723c751e8b465ee728b)
Start importing Assets/Map/MapSprites/Tiles/objects_188.asset using Guid(30b03531a0e27d94682aec5531db7247) Importer(815301076,1909f56bfc062723c751e8b465ee728b) (PreviewImporter) -> (artifact id: 'f8388806f698ff0f8d5d358b83931c1c') in 0.010242 seconds
Number of updated asset objects reloaded before import = 0Number of asset objects unloaded after import = 3

========================================================================
Received Import Request.
  Time since last request: 0.000014 seconds.
  path: Assets/Map/MapSprites/Tiles/objects_191.asset
  artifactKey: Guid(327d5561a40b5a9438e02935aebcf583) Importer(815301076,1909f56bfc062723c751e8b465ee728b)
Start importing Assets/Map/MapSprites/Tiles/objects_191.asset using Guid(327d5561a40b5a9438e02935aebcf583) Importer(815301076,1909f56bfc062723c751e8b465ee728b) (PreviewImporter) -> (artifact id: '0bffa5dedbe10c9cc78a6c6a8e50e032') in 0.0112554 seconds
Number of updated asset objects reloaded before import = 0Number of asset objects unloaded after import = 3

========================================================================
Received Import Request.
  Time since last request: 0.000014 seconds.
  path: Assets/Map/MapSprites/Tiles/objects_179.asset
  artifactKey: Guid(594cef78acc112946863e3ddf8e381c3) Importer(815301076,1909f56bfc062723c751e8b465ee728b)
Start importing Assets/Map/MapSprites/Tiles/objects_179.asset using Guid(594cef78acc112946863e3ddf8e381c3) Importer(815301076,1909f56bfc062723c751e8b465ee728b) (PreviewImporter) -> (artifact id: 'dc91c14b3fef2c887d1af4134a377318') in 0.0104605 seconds
Number of updated asset objects reloaded before import = 0Number of asset objects unloaded after import = 3

========================================================================
Received Import Request.
  Time since last request: 0.000019 seconds.
  path: Assets/Map/MapSprites/Tiles/objects_195.asset
  artifactKey: Guid(1edc79a708756224b957e971d8b55516) Importer(815301076,1909f56bfc062723c751e8b465ee728b)
Start importing Assets/Map/MapSprites/Tiles/objects_195.asset using Guid(1edc79a708756224b957e971d8b55516) Importer(815301076,1909f56bfc062723c751e8b465ee728b) (PreviewImporter) -> (artifact id: '16721d36b0ada010180916b8aa2b3071') in 0.0126071 seconds
Number of updated asset objects reloaded before import = 0Number of asset objects unloaded after import = 3

========================================================================
Received Import Request.
  Time since last request: 0.000034 seconds.
  path: Assets/Map/MapSprites/Tiles/objects_198.asset
  artifactKey: Guid(0e1c19b9699f75849b3728d683ecba5a) Importer(815301076,1909f56bfc062723c751e8b465ee728b)
Start importing Assets/Map/MapSprites/Tiles/objects_198.asset using Guid(0e1c19b9699f75849b3728d683ecba5a) Importer(815301076,1909f56bfc062723c751e8b465ee728b) (PreviewImporter) -> (artifact id: 'c8d8f4f1577ed98cd1e9b4495e39647b') in 0.0100118 seconds
Number of updated asset objects reloaded before import = 0Number of asset objects unloaded after import = 3

========================================================================
Received Import Request.
  Time since last request: 0.000018 seconds.
  path: Assets/Map/MapSprites/Tiles/objects_194.asset
  artifactKey: Guid(e531a9660e540d644ab0efe7a1905760) Importer(815301076,1909f56bfc062723c751e8b465ee728b)
Start importing Assets/Map/MapSprites/Tiles/objects_194.asset using Guid(e531a9660e540d644ab0efe7a1905760) Importer(815301076,1909f56bfc062723c751e8b465ee728b) (PreviewImporter) -> (artifact id: 'c0fc45c08e6547affbce6525aebec47b') in 0.0095642 seconds
Number of updated asset objects reloaded before import = 0Number of asset objects unloaded after import = 3

========================================================================
Received Import Request.
  Time since last request: 0.000016 seconds.
  path: Assets/Map/MapSprites/Tiles/objects_196.asset
  artifactKey: Guid(af84b49ed40b36c4fa996341cfb12850) Importer(815301076,1909f56bfc062723c751e8b465ee728b)
Start importing Assets/Map/MapSprites/Tiles/objects_196.asset using Guid(af84b49ed40b36c4fa996341cfb12850) Importer(815301076,1909f56bfc062723c751e8b465ee728b) (PreviewImporter) -> (artifact id: 'b8b204178ea822a92b579f1ac7cc3ebd') in 0.0102668 seconds
Number of updated asset objects reloaded before import = 0Number of asset objects unloaded after import = 3

========================================================================
Received Import Request.
  Time since last request: 0.000018 seconds.
  path: Assets/Map/MapSprites/Tiles/objects_204.asset
  artifactKey: Guid(2ce747f6d46a70e459826929ddb818b9) Importer(815301076,1909f56bfc062723c751e8b465ee728b)
Start importing Assets/Map/MapSprites/Tiles/objects_204.asset using Guid(2ce747f6d46a70e459826929ddb818b9) Importer(815301076,1909f56bfc062723c751e8b465ee728b) (PreviewImporter) -> (artifact id: '559cf290b306edc4f1734c49795d7faf') in 0.0099456 seconds
Number of updated asset objects reloaded before import = 0Number of asset objects unloaded after import = 3

========================================================================
Received Import Request.
  Time since last request: 0.000021 seconds.
  path: Assets/Map/MapSprites/Tiles/objects_189.asset
  artifactKey: Guid(a7388f28fd96c7947a906eefa7352f84) Importer(815301076,1909f56bfc062723c751e8b465ee728b)
Start importing Assets/Map/MapSprites/Tiles/objects_189.asset using Guid(a7388f28fd96c7947a906eefa7352f84) Importer(815301076,1909f56bfc062723c751e8b465ee728b) (PreviewImporter) -> (artifact id: 'f83752d9ab908fd5ecd3f28415f43e7a') in 0.0104649 seconds
Number of updated asset objects reloaded before import = 0Number of asset objects unloaded after import = 3

========================================================================
Received Import Request.
  Time since last request: 0.000022 seconds.
  path: Assets/Map/MapSprites/Tiles/objects_203.asset
  artifactKey: Guid(e6704ca6fe4fcdc45ba21ccd8c003c11) Importer(815301076,1909f56bfc062723c751e8b465ee728b)
Start importing Assets/Map/MapSprites/Tiles/objects_203.asset using Guid(e6704ca6fe4fcdc45ba21ccd8c003c11) Importer(815301076,1909f56bfc062723c751e8b465ee728b) (PreviewImporter) -> (artifact id: '1b0b3ac2de430b039b4002c936216c89') in 0.0113909 seconds
Number of updated asset objects reloaded before import = 0Number of asset objects unloaded after import = 3

========================================================================
Received Import Request.
  Time since last request: 0.000014 seconds.
  path: Assets/Map/MapSprites/Tiles/objects_181.asset
  artifactKey: Guid(afcc945eb06fafe449849eb745ed5017) Importer(815301076,1909f56bfc062723c751e8b465ee728b)
Start importing Assets/Map/MapSprites/Tiles/objects_181.asset using Guid(afcc945eb06fafe449849eb745ed5017) Importer(815301076,1909f56bfc062723c751e8b465ee728b) (PreviewImporter) -> (artifact id: 'c07a1ce46830284aa48b706d7f3f2177') in 0.0116105 seconds
Number of updated asset objects reloaded before import = 0Number of asset objects unloaded after import = 3

========================================================================
Received Import Request.
  Time since last request: 0.000018 seconds.
  path: Assets/Map/MapSprites/Tiles/objects_177.asset
  artifactKey: Guid(52c6c63c793feb14a811b31087fb97b1) Importer(815301076,1909f56bfc062723c751e8b465ee728b)
Start importing Assets/Map/MapSprites/Tiles/objects_177.asset using Guid(52c6c63c793feb14a811b31087fb97b1) Importer(815301076,1909f56bfc062723c751e8b465ee728b) (PreviewImporter) -> (artifact id: '59258846c75a51476493d7a2d1dae956') in 0.013394 seconds
Number of updated asset objects reloaded before import = 0Number of asset objects unloaded after import = 3

========================================================================
Received Import Request.
  Time since last request: 0.000023 seconds.
  path: Assets/Map/MapSprites/Tiles/objects_183.asset
  artifactKey: Guid(10da534bbbc67ea4ab1b95fd72275b0e) Importer(815301076,1909f56bfc062723c751e8b465ee728b)
Start importing Assets/Map/MapSprites/Tiles/objects_183.asset using Guid(10da534bbbc67ea4ab1b95fd72275b0e) Importer(815301076,1909f56bfc062723c751e8b465ee728b) (PreviewImporter) -> (artifact id: 'c6ed57120626505d11479be470bbf734') in 0.0122983 seconds
Number of updated asset objects reloaded before import = 0Number of asset objects unloaded after import = 3

========================================================================
Received Import Request.
  Time since last request: 0.000015 seconds.
  path: Assets/Map/MapSprites/Tiles/objects_207.asset
  artifactKey: Guid(3afe0f73a64204647bb5eb531e2d1827) Importer(815301076,1909f56bfc062723c751e8b465ee728b)
Start importing Assets/Map/MapSprites/Tiles/objects_207.asset using Guid(3afe0f73a64204647bb5eb531e2d1827) Importer(815301076,1909f56bfc062723c751e8b465ee728b) (PreviewImporter) -> (artifact id: '2db12a494cb59fcafce1628a2df0310a') in 0.0104366 seconds
Number of updated asset objects reloaded before import = 0Number of asset objects unloaded after import = 3

========================================================================
Received Import Request.
  Time since last request: 0.000017 seconds.
  path: Assets/Map/MapSprites/Tiles/objects_205.asset
  artifactKey: Guid(8ace2caf62fd3a343838f84616bc00d0) Importer(815301076,1909f56bfc062723c751e8b465ee728b)
Start importing Assets/Map/MapSprites/Tiles/objects_205.asset using Guid(8ace2caf62fd3a343838f84616bc00d0) Importer(815301076,1909f56bfc062723c751e8b465ee728b) (PreviewImporter) -> (artifact id: '566913c4f047979a818748da6bd9fc54') in 0.01336 seconds
Number of updated asset objects reloaded before import = 0Number of asset objects unloaded after import = 3

========================================================================
Received Import Request.
  Time since last request: 0.000020 seconds.
  path: Assets/Map/MapSprites/Tiles/objects_187.asset
  artifactKey: Guid(951f84cac810d2641bcec4d70c25b68a) Importer(815301076,1909f56bfc062723c751e8b465ee728b)
Start importing Assets/Map/MapSprites/Tiles/objects_187.asset using Guid(951f84cac810d2641bcec4d70c25b68a) Importer(815301076,1909f56bfc062723c751e8b465ee728b) (PreviewImporter) -> (artifact id: '410a4af9c33a40498f5d04e53492a0f6') in 0.0129642 seconds
Number of updated asset objects reloaded before import = 0Number of asset objects unloaded after import = 3

========================================================================
Received Import Request.
  Time since last request: 0.000033 seconds.
  path: Assets/Map/MapSprites/Tiles/objects_206.asset
  artifactKey: Guid(66c393368963d9c4691289c35b0a6885) Importer(815301076,1909f56bfc062723c751e8b465ee728b)
Start importing Assets/Map/MapSprites/Tiles/objects_206.asset using Guid(66c393368963d9c4691289c35b0a6885) Importer(815301076,1909f56bfc062723c751e8b465ee728b) (PreviewImporter) -> (artifact id: 'de5f27b06ad753f55bee898824fdef75') in 0.0125754 seconds
Number of updated asset objects reloaded before import = 0Number of asset objects unloaded after import = 3

========================================================================
Received Import Request.
  Time since last request: 208.082857 seconds.
  path: Assets/Map/MapSprites/fences.png
  artifactKey: Guid(ffaf275cad4114d41bdb103b64a525ce) Importer(815301076,1909f56bfc062723c751e8b465ee728b)
Start importing Assets/Map/MapSprites/fences.png using Guid(ffaf275cad4114d41bdb103b64a525ce) Importer(815301076,1909f56bfc062723c751e8b465ee728b) (PreviewImporter) -> (artifact id: 'c588ae719933b989480b885968247273') in 0.0398938 seconds
Number of updated asset objects reloaded before import = 0Number of asset objects unloaded after import = 6

========================================================================
Received Import Request.
  Time since last request: 8.932836 seconds.
  path: Assets/Map/MapSprites/decor_8x8.png
  artifactKey: Guid(048b1bea5f0df5e4199c1fe38566dd0a) Importer(815301076,1909f56bfc062723c751e8b465ee728b)
Start importing Assets/Map/MapSprites/decor_8x8.png using Guid(048b1bea5f0df5e4199c1fe38566dd0a) Importer(815301076,1909f56bfc062723c751e8b465ee728b) (PreviewImporter) -> (artifact id: '947f0f3601c09600854b528508afc706') in 0.0246242 seconds
Number of updated asset objects reloaded before import = 0Number of asset objects unloaded after import = 3

========================================================================
Received Import Request.
  Time since last request: 157.198309 seconds.
  path: Assets/Map/MapSprites/fences.png
  artifactKey: Guid(ffaf275cad4114d41bdb103b64a525ce) Importer(815301076,1909f56bfc062723c751e8b465ee728b)
Start importing Assets/Map/MapSprites/fences.png using Guid(ffaf275cad4114d41bdb103b64a525ce) Importer(815301076,1909f56bfc062723c751e8b465ee728b) (PreviewImporter) -> (artifact id: '19931cc059873a63cd3cf72e0e021264') in 0.0224093 seconds
Number of updated asset objects reloaded before import = 0Number of asset objects unloaded after import = 6

========================================================================
Received Import Request.
  Time since last request: 10.185125 seconds.
  path: Assets/Map/MapSprites/walls.png
  artifactKey: Guid(cde37ad7f7c5f60499b436370b4229f2) Importer(815301076,1909f56bfc062723c751e8b465ee728b)
Start importing Assets/Map/MapSprites/walls.png using Guid(cde37ad7f7c5f60499b436370b4229f2) Importer(815301076,1909f56bfc062723c751e8b465ee728b) (PreviewImporter) -> (artifact id: 'df38f66f6aa77b5c80575dc37015506b') in 0.0240723 seconds
Number of updated asset objects reloaded before import = 0Number of asset objects unloaded after import = 6

========================================================================
Received Import Request.
  Time since last request: 11.100764 seconds.
  path: Assets/Map/MapSprites/decor_8x8.png
  artifactKey: Guid(048b1bea5f0df5e4199c1fe38566dd0a) Importer(815301076,1909f56bfc062723c751e8b465ee728b)
Start importing Assets/Map/MapSprites/decor_8x8.png using Guid(048b1bea5f0df5e4199c1fe38566dd0a) Importer(815301076,1909f56bfc062723c751e8b465ee728b) (PreviewImporter) -> (artifact id: 'cf29859aa43c3ddf54cb8dfb748d0fbe') in 0.0180565 seconds
Number of updated asset objects reloaded before import = 0Number of asset objects unloaded after import = 3

========================================================================
Received Import Request.
  Time since last request: 119.316017 seconds.
  path: Assets/Map/MapSprites/decor_8x8.png
  artifactKey: Guid(048b1bea5f0df5e4199c1fe38566dd0a) Importer(815301076,1909f56bfc062723c751e8b465ee728b)
Start importing Assets/Map/MapSprites/decor_8x8.png using Guid(048b1bea5f0df5e4199c1fe38566dd0a) Importer(815301076,1909f56bfc062723c751e8b465ee728b) (PreviewImporter) -> (artifact id: 'b41631cc483ba106392edfab1ae41092') in 0.192307 seconds
Number of updated asset objects reloaded before import = 0Number of asset objects unloaded after import = 66

========================================================================
Received Import Request.
  Time since last request: 30.754871 seconds.
  path: Assets/Map/MapSprites/fences.png
  artifactKey: Guid(ffaf275cad4114d41bdb103b64a525ce) Importer(815301076,1909f56bfc062723c751e8b465ee728b)
Start importing Assets/Map/MapSprites/fences.png using Guid(ffaf275cad4114d41bdb103b64a525ce) Importer(815301076,1909f56bfc062723c751e8b465ee728b) (PreviewImporter) -> (artifact id: 'c7eb04cf96d918862bd86c59da7f4b88') in 0.0506422 seconds
Number of updated asset objects reloaded before import = 0Number of asset objects unloaded after import = 18

========================================================================
Received Import Request.
  Time since last request: 19.826951 seconds.
  path: Assets/Map/MapSprites/Mystic Woods.prefab
  artifactKey: Guid(783768c254319714b91e2498de9f3125) Importer(815301076,1909f56bfc062723c751e8b465ee728b)
Start importing Assets/Map/MapSprites/Mystic Woods.prefab using Guid(783768c254319714b91e2498de9f3125) Importer(815301076,1909f56bfc062723c751e8b465ee728b) (PreviewImporter) -> (artifact id: '62855f0d05197f35b2673abdc2a99871') in 0.0920713 seconds
Number of updated asset objects reloaded before import = 0Number of asset objects unloaded after import = 597

========================================================================
Received Import Request.
  Time since last request: 6.688656 seconds.
  path: Assets/Map/MapSprites/Mystic Woods.prefab
  artifactKey: Guid(783768c254319714b91e2498de9f3125) Importer(815301076,1909f56bfc062723c751e8b465ee728b)
Start importing Assets/Map/MapSprites/Mystic Woods.prefab using Guid(783768c254319714b91e2498de9f3125) Importer(815301076,1909f56bfc062723c751e8b465ee728b) (PreviewImporter) -> (artifact id: 'eb7ab0d2a703e73774c2db4d6f9491e4') in 0.0971256 seconds
Number of updated asset objects reloaded before import = 0Number of asset objects unloaded after import = 606

========================================================================
Received Import Request.
  Time since last request: 27.771065 seconds.
  path: Assets/Map/MapSprites/Tiles/fences_0.asset
  artifactKey: Guid(f802bd82e15e8e240adcbabfe80990f6) Importer(815301076,1909f56bfc062723c751e8b465ee728b)
Start importing Assets/Map/MapSprites/Tiles/fences_0.asset using Guid(f802bd82e15e8e240adcbabfe80990f6) Importer(815301076,1909f56bfc062723c751e8b465ee728b) (PreviewImporter) -> (artifact id: 'f8129611bfca2b34193d1075ca3695ca') in 0.0121371 seconds
Number of updated asset objects reloaded before import = 0Number of asset objects unloaded after import = 3

========================================================================
Received Import Request.
  Time since last request: 0.000018 seconds.
  path: Assets/Map/MapSprites/Tiles/fences_6.asset
  artifactKey: Guid(74b13fd47dad86d469d5a87425e2f89a) Importer(815301076,1909f56bfc062723c751e8b465ee728b)
Start importing Assets/Map/MapSprites/Tiles/fences_6.asset using Guid(74b13fd47dad86d469d5a87425e2f89a) Importer(815301076,1909f56bfc062723c751e8b465ee728b) (PreviewImporter) -> (artifact id: '78f8db312a5ad7ce730e18b8d31c72c9') in 0.0282465 seconds
Number of updated asset objects reloaded before import = 0Number of asset objects unloaded after import = 3

========================================================================
Received Import Request.
  Time since last request: 0.000019 seconds.
  path: Assets/Map/MapSprites/Tiles/fences_4.asset
  artifactKey: Guid(34985e24d611d1142b92ea309b1ed1d7) Importer(815301076,1909f56bfc062723c751e8b465ee728b)
Start importing Assets/Map/MapSprites/Tiles/fences_4.asset using Guid(34985e24d611d1142b92ea309b1ed1d7) Importer(815301076,1909f56bfc062723c751e8b465ee728b) (PreviewImporter) -> (artifact id: 'a2395d1a2c324c2b1391bfa398afdc09') in 0.0122216 seconds
Number of updated asset objects reloaded before import = 0Number of asset objects unloaded after import = 3

========================================================================
Received Import Request.
  Time since last request: 0.000019 seconds.
  path: Assets/Map/MapSprites/Tiles/fences_10.asset
  artifactKey: Guid(4ac1dee033acff3428dade68ca7eb16d) Importer(815301076,1909f56bfc062723c751e8b465ee728b)
Start importing Assets/Map/MapSprites/Tiles/fences_10.asset using Guid(4ac1dee033acff3428dade68ca7eb16d) Importer(815301076,1909f56bfc062723c751e8b465ee728b) (PreviewImporter) -> (artifact id: '2cd5c413c1be22d797a15e23dd3292b3') in 0.0109754 seconds
Number of updated asset objects reloaded before import = 0Number of asset objects unloaded after import = 3

========================================================================
Received Import Request.
  Time since last request: 0.000020 seconds.
  path: Assets/Map/MapSprites/Tiles/fences_7.asset
  artifactKey: Guid(e6a0fd4bd6934984fb8063d2c79592fd) Importer(815301076,1909f56bfc062723c751e8b465ee728b)
Start importing Assets/Map/MapSprites/Tiles/fences_7.asset using Guid(e6a0fd4bd6934984fb8063d2c79592fd) Importer(815301076,1909f56bfc062723c751e8b465ee728b) (PreviewImporter) -> (artifact id: 'a2f785cd3b3b9017d966070e6711f611') in 0.0245186 seconds
Number of updated asset objects reloaded before import = 0Number of asset objects unloaded after import = 3

========================================================================
Received Import Request.
  Time since last request: 0.000020 seconds.
  path: Assets/Map/MapSprites/Tiles/fences_2.asset
  artifactKey: Guid(64acc0aff8acf8149b0a43fdbc389d62) Importer(815301076,1909f56bfc062723c751e8b465ee728b)
Start importing Assets/Map/MapSprites/Tiles/fences_2.asset using Guid(64acc0aff8acf8149b0a43fdbc389d62) Importer(815301076,1909f56bfc062723c751e8b465ee728b) (PreviewImporter) -> (artifact id: '51d7b3a0e7694a2ed1269f22ffadd7f1') in 0.0092234 seconds
Number of updated asset objects reloaded before import = 0Number of asset objects unloaded after import = 3

========================================================================
Received Import Request.
  Time since last request: 0.000029 seconds.
  path: Assets/Map/MapSprites/Tiles/fences_9.asset
  artifactKey: Guid(104f2e9ff855af240a3097e70ba197f3) Importer(815301076,1909f56bfc062723c751e8b465ee728b)
Start importing Assets/Map/MapSprites/Tiles/fences_9.asset using Guid(104f2e9ff855af240a3097e70ba197f3) Importer(815301076,1909f56bfc062723c751e8b465ee728b) (PreviewImporter) -> (artifact id: 'd732838dba0378d705b415cad8edd21e') in 0.0312229 seconds
Number of updated asset objects reloaded before import = 0Number of asset objects unloaded after import = 3

========================================================================
Received Import Request.
  Time since last request: 0.000014 seconds.
  path: Assets/Map/MapSprites/Tiles/fences_15.asset
  artifactKey: Guid(8c68f8da825d41d418518799e8f88ac5) Importer(815301076,1909f56bfc062723c751e8b465ee728b)
Start importing Assets/Map/MapSprites/Tiles/fences_15.asset using Guid(8c68f8da825d41d418518799e8f88ac5) Importer(815301076,1909f56bfc062723c751e8b465ee728b) (PreviewImporter) -> (artifact id: 'f5ae44ec0a735c0d0194662afe3e79ef') in 0.0126293 seconds
Number of updated asset objects reloaded before import = 0Number of asset objects unloaded after import = 3

========================================================================
Received Import Request.
  Time since last request: 2.029937 seconds.
  path: Assets/Map/MapSprites/Tiles/walls_0.asset
  artifactKey: Guid(e676a886d94a5a64786a1d5e69528b86) Importer(815301076,1909f56bfc062723c751e8b465ee728b)
Start importing Assets/Map/MapSprites/Tiles/walls_0.asset using Guid(e676a886d94a5a64786a1d5e69528b86) Importer(815301076,1909f56bfc062723c751e8b465ee728b) (PreviewImporter) -> (artifact id: 'a1b0b8196ddccd0ad0ed61fd850c211d') in 0.0126595 seconds
Number of updated asset objects reloaded before import = 0Number of asset objects unloaded after import = 3

========================================================================
Received Import Request.
  Time since last request: 0.000018 seconds.
  path: Assets/Map/MapSprites/Tiles/walls_2.asset
  artifactKey: Guid(bbd830f611edc0c44a9cfccc0ceccbf3) Importer(815301076,1909f56bfc062723c751e8b465ee728b)
Start importing Assets/Map/MapSprites/Tiles/walls_2.asset using Guid(bbd830f611edc0c44a9cfccc0ceccbf3) Importer(815301076,1909f56bfc062723c751e8b465ee728b) (PreviewImporter) -> (artifact id: 'b2023aa845beb8801719dbd6a978f859') in 0.0112191 seconds
Number of updated asset objects reloaded before import = 0Number of asset objects unloaded after import = 3

========================================================================
Received Import Request.
  Time since last request: 61.808934 seconds.
  path: Assets/Map/MapSprites/walls.png
  artifactKey: Guid(cde37ad7f7c5f60499b436370b4229f2) Importer(815301076,1909f56bfc062723c751e8b465ee728b)
Start importing Assets/Map/MapSprites/walls.png using Guid(cde37ad7f7c5f60499b436370b4229f2) Importer(815301076,1909f56bfc062723c751e8b465ee728b) (PreviewImporter) -> (artifact id: 'c4f96a079cf7f51aa8146c6a5f4dd7c4') in 0.1270955 seconds
Number of updated asset objects reloaded before import = 0Number of asset objects unloaded after import = 33

========================================================================
Received Import Request.
  Time since last request: 556.287599 seconds.
  path: Assets/Map/MapSprites/Mystic Woods.prefab
  artifactKey: Guid(783768c254319714b91e2498de9f3125) Importer(815301076,1909f56bfc062723c751e8b465ee728b)
Start importing Assets/Map/MapSprites/Mystic Woods.prefab using Guid(783768c254319714b91e2498de9f3125) Importer(815301076,1909f56bfc062723c751e8b465ee728b) (PreviewImporter) -> (artifact id: '0fb225fb17d1d1f66ec93a97f4da95a6') in 0.1271306 seconds
Number of updated asset objects reloaded before import = 0Number of asset objects unloaded after import = 729

