Using pre-set license
Built from '6000.0/staging' branch; Version is '6000.0.32f1 (b2e806cf271c) revision 11724806'; Using compiler version '193933523'; Build Type 'Release'
OS: 'Windows 10  (10.0.19045) 64bit Core' Language: 'en' Physical Memory: 16288 MB
BatchMode: 1, IsHumanControllingUs: 0, StartBugReporterOnCrash: 0, Is64bit: 1, IsPro: 1

COMMAND LINE ARGUMENTS:
D:\6000.0.32f1\Editor\Unity.exe
-adb2
-batchMode
-noUpm
-name
AssetImportWorker0
-projectPath
D:/Judgement_Day/JudgementDayProject/My project
-logFile
Logs/AssetImportWorker0.log
-srvPort
54912
-job-worker-count
5
-background-job-worker-count
8
-gc-helper-count
1
Successfully changed project path to: D:/Judgement_Day/JudgementDayProject/My project
D:/Judgement_Day/JudgementDayProject/My project
[UnityMemory] Configuration Parameters - Can be set up in boot.config
    "memorysetup-bucket-allocator-granularity=16"
    "memorysetup-bucket-allocator-bucket-count=8"
    "memorysetup-bucket-allocator-block-size=33554432"
    "memorysetup-bucket-allocator-block-count=8"
    "memorysetup-main-allocator-block-size=16777216"
    "memorysetup-thread-allocator-block-size=16777216"
    "memorysetup-gfx-main-allocator-block-size=16777216"
    "memorysetup-gfx-thread-allocator-block-size=16777216"
    "memorysetup-cache-allocator-block-size=4194304"
    "memorysetup-typetree-allocator-block-size=2097152"
    "memorysetup-profiler-bucket-allocator-granularity=16"
    "memorysetup-profiler-bucket-allocator-bucket-count=8"
    "memorysetup-profiler-bucket-allocator-block-size=33554432"
    "memorysetup-profiler-bucket-allocator-block-count=8"
    "memorysetup-profiler-allocator-block-size=16777216"
    "memorysetup-profiler-editor-allocator-block-size=1048576"
    "memorysetup-temp-allocator-size-main=16777216"
    "memorysetup-job-temp-allocator-block-size=2097152"
    "memorysetup-job-temp-allocator-block-size-background=1048576"
    "memorysetup-job-temp-allocator-reduction-small-platforms=262144"
    "memorysetup-allocator-temp-initial-block-size-main=262144"
    "memorysetup-allocator-temp-initial-block-size-worker=262144"
    "memorysetup-temp-allocator-size-background-worker=32768"
    "memorysetup-temp-allocator-size-job-worker=262144"
    "memorysetup-temp-allocator-size-preload-manager=33554432"
    "memorysetup-temp-allocator-size-nav-mesh-worker=65536"
    "memorysetup-temp-allocator-size-audio-worker=65536"
    "memorysetup-temp-allocator-size-cloud-worker=32768"
    "memorysetup-temp-allocator-size-gi-baking-worker=262144"
    "memorysetup-temp-allocator-size-gi-baking-worker=262144"
    "memorysetup-temp-allocator-size-gi-baking-worker=262144"
    "memorysetup-temp-allocator-size-gi-baking-worker=262144"
    "memorysetup-temp-allocator-size-gi-baking-worker=262144"
    "memorysetup-temp-allocator-size-gfx=262144"
Player connection [53292]  Target information:

Player connection [53292]  * "[IP] 192.168.0.213 [Port] 0 [Flags] 2 [Guid] 3302243149 [EditorId] 3302243149 [Version] 1048832 [Id] WindowsEditor(7,DESKTOP-T4QFQ57) [Debug] 1 [PackageName] WindowsEditor [ProjectName] Editor" 

Player connection [53292] Host joined multi-casting on [225.0.0.222:54997]...
Player connection [53292] Host joined alternative multi-casting on [225.0.0.222:34997]...
JobSystem: Creating JobQueue using job-worker-count value 5
[Physics::Module] Initialized fallback backend.
[Physics::Module] Id: 0xdecafbad
Library Redirect Path: Library/
[Physics::Module] Selected backend.
[Physics::Module] Name: PhysX
[Physics::Module] Id: 0xf2b8ea05
[Physics::Module] SDK Version: 4.1.2
[Physics::Module] Integration Version: 1.0.0
[Physics::Module] Threading Mode: Multi-Threaded
Refreshing native plugins compatible for Editor in 2.27 ms, found 4 plugins.
Preloading 0 native plugins for Editor in 0.00 ms.
Initialize engine version: 6000.0.32f1 (b2e806cf271c)
[Subsystems] Discovering subsystems at path D:/6000.0.32f1/Editor/Data/Resources/UnitySubsystems
[Subsystems] Discovering subsystems at path D:/Judgement_Day/JudgementDayProject/My project/Assets
GfxDevice: creating device client; kGfxThreadingModeNonThreaded
Direct3D:
    Version:  Direct3D 11.0 [level 11.1]
    Renderer: NVIDIA GeForce RTX 3060 (ID=0x2487)
    Vendor:   NVIDIA
    VRAM:     12110 MB
    Driver:   32.0.15.6636
Initialize mono
Mono path[0] = 'D:/6000.0.32f1/Editor/Data/Managed'
Mono path[1] = 'D:/6000.0.32f1/Editor/Data/MonoBleedingEdge/lib/mono/unityjit-win32'
Mono config path = 'D:/6000.0.32f1/Editor/Data/MonoBleedingEdge/etc'
Using monoOptions --debugger-agent=transport=dt_socket,embedding=1,server=y,suspend=n,address=127.0.0.1:56072
Begin MonoManager ReloadAssembly
Registering precompiled unity dll's ...
Register platform support module: D:/6000.0.32f1/Editor/Data/PlaybackEngines/WebGLSupport/UnityEditor.WebGL.Extensions.dll
Register platform support module: D:/6000.0.32f1/Editor/Data/PlaybackEngines/WindowsStandaloneSupport/UnityEditor.WindowsStandalone.Extensions.dll
Registered in 0.002698 seconds.
- Loaded All Assemblies, in  0.375 seconds
Native extension for WindowsStandalone target not found
Native extension for WebGL target not found
Mono: successfully reloaded assembly
- Finished resetting the current domain, in  0.306 seconds
Domain Reload Profiling: 681ms
	BeginReloadAssembly (149ms)
		ExecutionOrderSort (0ms)
		DisableScriptedObjects (0ms)
		BackupInstance (0ms)
		ReleaseScriptingObjects (0ms)
		CreateAndSetChildDomain (1ms)
	RebuildCommonClasses (32ms)
	RebuildNativeTypeToScriptingClass (10ms)
	initialDomainReloadingComplete (42ms)
	LoadAllAssembliesAndSetupDomain (143ms)
		LoadAssemblies (148ms)
		RebuildTransferFunctionScriptingTraits (0ms)
		AnalyzeDomain (139ms)
			TypeCache.Refresh (137ms)
				TypeCache.ScanAssembly (125ms)
			BuildScriptInfoCaches (0ms)
			ResolveRequiredComponents (0ms)
	FinalizeReload (306ms)
		ReleaseScriptCaches (0ms)
		RebuildScriptCaches (0ms)
		SetupLoadedEditorAssemblies (274ms)
			LogAssemblyErrors (0ms)
			InitializePlatformSupportModulesInManaged (24ms)
			SetLoadedEditorAssemblies (5ms)
			BeforeProcessingInitializeOnLoad (51ms)
			ProcessInitializeOnLoadAttributes (140ms)
			ProcessInitializeOnLoadMethodAttributes (54ms)
			AfterProcessingInitializeOnLoad (0ms)
			EditorAssembliesLoaded (0ms)
		ExecutionOrderSort2 (0ms)
		AwakeInstancesAfterBackupRestoration (0ms)
Assembly reference Packages/com.unity.cinemachine/Editor/Samples/ExposeHDRPInternals/HDRP-Editor-ref.asmref has no target assembly definition
========================================================================
Worker process is ready to serve import requests
Import Worker Mode flag is 0x00
Assembly reference Packages/com.unity.cinemachine/Editor/Samples/ExposeHDRPInternals/HDRP-Editor-ref.asmref has no target assembly definition
Assembly reference Packages/com.unity.cinemachine/Editor/Samples/ExposeHDRPInternals/HDRP-Editor-ref.asmref has no target assembly definition
Begin MonoManager ReloadAssembly
- Loaded All Assemblies, in  0.743 seconds
Assembly reference Packages/com.unity.cinemachine/Editor/Samples/ExposeHDRPInternals/HDRP-Editor-ref.asmref has no target assembly definition
'Packages/com.unity.cinemachine/Editor/Obsolete/CinemachineVirtualCameraBaseEditor.cs' contains partial class of Unity.Object, exactly 1 of the partial classes needs to be in a file with the same filename. This is to know the one that can be referenced from ie. GameObjects
'Packages/com.unity.cinemachine/Editor/Editors/CinemachineVirtualCameraBaseEditor.cs' contains partial class of Unity.Object, exactly 1 of the partial classes needs to be in a file with the same filename. This is to know the one that can be referenced from ie. GameObjects
Refreshing native plugins compatible for Editor in 1.32 ms, found 4 plugins.
Native extension for WindowsStandalone target not found
Native extension for WebGL target not found
Assembly reference Packages/com.unity.cinemachine/Editor/Samples/ExposeHDRPInternals/HDRP-Editor-ref.asmref has no target assembly definition
Package Manager log level set to [2]
[Package Manager] Failed to launch server process. Reason: Unity was launched with the -noUpm command-line argument
[Package Manager] Unable to send message (not connected to server process).
[Package Manager] Cannot connect to Unity Package Manager local server
Mono: successfully reloaded assembly
- Finished resetting the current domain, in  0.848 seconds
Domain Reload Profiling: 1590ms
	BeginReloadAssembly (175ms)
		ExecutionOrderSort (0ms)
		DisableScriptedObjects (6ms)
		BackupInstance (0ms)
		ReleaseScriptingObjects (0ms)
		CreateAndSetChildDomain (33ms)
	RebuildCommonClasses (33ms)
	RebuildNativeTypeToScriptingClass (10ms)
	initialDomainReloadingComplete (34ms)
	LoadAllAssembliesAndSetupDomain (490ms)
		LoadAssemblies (376ms)
		RebuildTransferFunctionScriptingTraits (0ms)
		AnalyzeDomain (220ms)
			TypeCache.Refresh (155ms)
				TypeCache.ScanAssembly (138ms)
			BuildScriptInfoCaches (57ms)
			ResolveRequiredComponents (5ms)
	FinalizeReload (849ms)
		ReleaseScriptCaches (0ms)
		RebuildScriptCaches (0ms)
		SetupLoadedEditorAssemblies (752ms)
			LogAssemblyErrors (0ms)
			InitializePlatformSupportModulesInManaged (3ms)
			SetLoadedEditorAssemblies (5ms)
			BeforeProcessingInitializeOnLoad (144ms)
			ProcessInitializeOnLoadAttributes (553ms)
			ProcessInitializeOnLoadMethodAttributes (45ms)
			AfterProcessingInitializeOnLoad (3ms)
			EditorAssembliesLoaded (0ms)
		ExecutionOrderSort2 (0ms)
		AwakeInstancesAfterBackupRestoration (6ms)
Launched and connected shader compiler UnityShaderCompiler.exe after 0.03 seconds
Refreshing native plugins compatible for Editor in 1.54 ms, found 4 plugins.
Preloading 0 native plugins for Editor in 0.00 ms.
Unloading 15 Unused Serialized files (Serialized files now loaded: 0)
Unloading 4768 unused Assets / (1.5 MB). Loaded Objects now: 5255.
Memory consumption went from 91.8 MB to 90.4 MB.
Total: 9.989600 ms (FindLiveObjects: 0.850000 ms CreateObjectMapping: 0.354500 ms MarkObjects: 6.993100 ms  DeleteObjects: 1.790400 ms)

========================================================================
Received Import Request.
  Time since last request: 446997.047021 seconds.
  path: Assets/Map/MapSprites/objects.png
  artifactKey: Guid(1dc8934ffdfa0b548a06e8b873967a9e) Importer(815301076,1909f56bfc062723c751e8b465ee728b)
Start importing Assets/Map/MapSprites/objects.png using Guid(1dc8934ffdfa0b548a06e8b873967a9e) Importer(815301076,1909f56bfc062723c751e8b465ee728b) (PreviewImporter) -> (artifact id: '84ea8d3db76e6af48416c3cf308650ee') in 0.5873769 seconds
Number of updated asset objects reloaded before import = 0Number of asset objects unloaded after import = 210

========================================================================
Received Import Request.
  Time since last request: 0.000017 seconds.
  path: Assets/Map/MapSprites/fences.png
  artifactKey: Guid(ffaf275cad4114d41bdb103b64a525ce) Importer(815301076,1909f56bfc062723c751e8b465ee728b)
Start importing Assets/Map/MapSprites/fences.png using Guid(ffaf275cad4114d41bdb103b64a525ce) Importer(815301076,1909f56bfc062723c751e8b465ee728b) (PreviewImporter) -> (artifact id: 'c0954c0e93ada421e505c97a8f0fea26') in 0.034964 seconds
Number of updated asset objects reloaded before import = 0Number of asset objects unloaded after import = 18

========================================================================
Received Import Request.
  Time since last request: 64.059408 seconds.
  path: Assets/Map/MapSprites/Mystic Woods.prefab
  artifactKey: Guid(783768c254319714b91e2498de9f3125) Importer(815301076,1909f56bfc062723c751e8b465ee728b)
Start importing Assets/Map/MapSprites/Mystic Woods.prefab using Guid(783768c254319714b91e2498de9f3125) Importer(815301076,1909f56bfc062723c751e8b465ee728b) (PreviewImporter) -> (artifact id: '4b6cfc2ea1022700d72e8e386d143f00') in 0.1536731 seconds
Number of updated asset objects reloaded before import = 0Number of asset objects unloaded after import = 770

========================================================================
Received Import Request.
  Time since last request: 7.732031 seconds.
  path: Assets/Map/MapSprites/fences.png
  artifactKey: Guid(ffaf275cad4114d41bdb103b64a525ce) Importer(815301076,1909f56bfc062723c751e8b465ee728b)
Start importing Assets/Map/MapSprites/fences.png using Guid(ffaf275cad4114d41bdb103b64a525ce) Importer(815301076,1909f56bfc062723c751e8b465ee728b) (PreviewImporter) -> (artifact id: '6f1552540ad961641c3249804292fa5b') in 0.0361159 seconds
Number of updated asset objects reloaded before import = 0Number of asset objects unloaded after import = 18

========================================================================
Received Import Request.
  Time since last request: 0.008753 seconds.
  path: Assets/Map/MapSprites/Mystic Woods.prefab
  artifactKey: Guid(783768c254319714b91e2498de9f3125) Importer(815301076,1909f56bfc062723c751e8b465ee728b)
Start importing Assets/Map/MapSprites/Mystic Woods.prefab using Guid(783768c254319714b91e2498de9f3125) Importer(815301076,1909f56bfc062723c751e8b465ee728b) (PreviewImporter) -> (artifact id: '4fb846a46284254307c0d725771ab1a3') in 0.0957493 seconds
Number of updated asset objects reloaded before import = 0Number of asset objects unloaded after import = 770

========================================================================
Received Import Request.
  Time since last request: 3.655568 seconds.
  path: Assets/Map/MapSprites/objects.png
  artifactKey: Guid(1dc8934ffdfa0b548a06e8b873967a9e) Importer(815301076,1909f56bfc062723c751e8b465ee728b)
Start importing Assets/Map/MapSprites/objects.png using Guid(1dc8934ffdfa0b548a06e8b873967a9e) Importer(815301076,1909f56bfc062723c751e8b465ee728b) (PreviewImporter) -> (artifact id: '7e2c38f9800b245560fddecca878ee96') in 0.4281293 seconds
Number of updated asset objects reloaded before import = 0Number of asset objects unloaded after import = 210

========================================================================
Received Import Request.
  Time since last request: 7.169581 seconds.
  path: Assets/Map/MapSprites/walls.png
  artifactKey: Guid(cde37ad7f7c5f60499b436370b4229f2) Importer(815301076,1909f56bfc062723c751e8b465ee728b)
Start importing Assets/Map/MapSprites/walls.png using Guid(cde37ad7f7c5f60499b436370b4229f2) Importer(815301076,1909f56bfc062723c751e8b465ee728b) (PreviewImporter) -> (artifact id: '0716eeb6b175f1352394bcfd074d9a33') in 0.0695799 seconds
Number of updated asset objects reloaded before import = 0Number of asset objects unloaded after import = 33

========================================================================
Received Import Request.
  Time since last request: 4.380702 seconds.
  path: Assets/Map/MapSprites/decor_8x8.png
  artifactKey: Guid(048b1bea5f0df5e4199c1fe38566dd0a) Importer(815301076,1909f56bfc062723c751e8b465ee728b)
Start importing Assets/Map/MapSprites/decor_8x8.png using Guid(048b1bea5f0df5e4199c1fe38566dd0a) Importer(815301076,1909f56bfc062723c751e8b465ee728b) (PreviewImporter) -> (artifact id: '13560d90696fabb0fa1c24291e7e0e14') in 0.0255231 seconds
Number of updated asset objects reloaded before import = 0Number of asset objects unloaded after import = 6

========================================================================
Received Import Request.
  Time since last request: 0.021853 seconds.
  path: Assets/Map/MapSprites/Mystic Woods.prefab
  artifactKey: Guid(783768c254319714b91e2498de9f3125) Importer(815301076,1909f56bfc062723c751e8b465ee728b)
Start importing Assets/Map/MapSprites/Mystic Woods.prefab using Guid(783768c254319714b91e2498de9f3125) Importer(815301076,1909f56bfc062723c751e8b465ee728b) (PreviewImporter) -> (artifact id: 'c686d3eaec7d0f488d720fa077028580') in 0.088466 seconds
Number of updated asset objects reloaded before import = 0Number of asset objects unloaded after import = 770

========================================================================
Received Import Request.
  Time since last request: 18.431367 seconds.
  path: Assets/Map/MapSprites/fences_0.asset
  artifactKey: Guid(cb9472158bd2f714fa6a08fa2ca9923c) Importer(815301076,1909f56bfc062723c751e8b465ee728b)
Start importing Assets/Map/MapSprites/fences_0.asset using Guid(cb9472158bd2f714fa6a08fa2ca9923c) Importer(815301076,1909f56bfc062723c751e8b465ee728b) (PreviewImporter) -> (artifact id: '1acf0a48cbcb878ecbe215c807ead98d') in 0.0119685 seconds
Number of updated asset objects reloaded before import = 0Number of asset objects unloaded after import = 3

========================================================================
Received Import Request.
  Time since last request: 0.028486 seconds.
  path: Assets/Map/MapSprites/fences_1.asset
  artifactKey: Guid(16cb32cf7b8f9854daebeb85e1d5cff7) Importer(815301076,1909f56bfc062723c751e8b465ee728b)
Start importing Assets/Map/MapSprites/fences_1.asset using Guid(16cb32cf7b8f9854daebeb85e1d5cff7) Importer(815301076,1909f56bfc062723c751e8b465ee728b) (PreviewImporter) -> (artifact id: 'edc31428410caf1a93615ec8c8d40a4e') in 0.0181817 seconds
Number of updated asset objects reloaded before import = 0Number of asset objects unloaded after import = 3

========================================================================
Received Import Request.
  Time since last request: 0.000059 seconds.
  path: Assets/Map/MapSprites/fences_8.asset
  artifactKey: Guid(66abea920779c254495ca971f4dcd560) Importer(815301076,1909f56bfc062723c751e8b465ee728b)
Start importing Assets/Map/MapSprites/fences_8.asset using Guid(66abea920779c254495ca971f4dcd560) Importer(815301076,1909f56bfc062723c751e8b465ee728b) (PreviewImporter) -> (artifact id: '8b7713e21caf3d2fa9c4c49e084228d4') in 0.0194845 seconds
Number of updated asset objects reloaded before import = 0Number of asset objects unloaded after import = 3

========================================================================
Received Import Request.
  Time since last request: 0.000035 seconds.
  path: Assets/Map/MapSprites/fences_3.asset
  artifactKey: Guid(a750c7d4579355f47ad20984f66a786c) Importer(815301076,1909f56bfc062723c751e8b465ee728b)
Start importing Assets/Map/MapSprites/fences_3.asset using Guid(a750c7d4579355f47ad20984f66a786c) Importer(815301076,1909f56bfc062723c751e8b465ee728b) (PreviewImporter) -> (artifact id: '69895cf1dd72ae0bde2a4eb8c60e569a') in 0.0138947 seconds
Number of updated asset objects reloaded before import = 0Number of asset objects unloaded after import = 3

========================================================================
Received Import Request.
  Time since last request: 0.000027 seconds.
  path: Assets/Map/MapSprites/fences_7.asset
  artifactKey: Guid(f94a2711d265f8642af29817729caf70) Importer(815301076,1909f56bfc062723c751e8b465ee728b)
Start importing Assets/Map/MapSprites/fences_7.asset using Guid(f94a2711d265f8642af29817729caf70) Importer(815301076,1909f56bfc062723c751e8b465ee728b) (PreviewImporter) -> (artifact id: 'bcf3581b98a28a8346b9daa444d5d95e') in 0.0138582 seconds
Number of updated asset objects reloaded before import = 0Number of asset objects unloaded after import = 3

========================================================================
Received Import Request.
  Time since last request: 0.000033 seconds.
  path: Assets/Map/MapSprites/fences_14.asset
  artifactKey: Guid(953704c9baa153f42ac706cdb423a62b) Importer(815301076,1909f56bfc062723c751e8b465ee728b)
Start importing Assets/Map/MapSprites/fences_14.asset using Guid(953704c9baa153f42ac706cdb423a62b) Importer(815301076,1909f56bfc062723c751e8b465ee728b) (PreviewImporter) -> (artifact id: '263aff5583e6a37cdf439c2dd07b24cd') in 0.0124197 seconds
Number of updated asset objects reloaded before import = 0Number of asset objects unloaded after import = 3

========================================================================
Received Import Request.
  Time since last request: 0.000024 seconds.
  path: Assets/Map/MapSprites/fences_10.asset
  artifactKey: Guid(8032b142c2c666a4793c6e69f3462539) Importer(815301076,1909f56bfc062723c751e8b465ee728b)
Start importing Assets/Map/MapSprites/fences_10.asset using Guid(8032b142c2c666a4793c6e69f3462539) Importer(815301076,1909f56bfc062723c751e8b465ee728b) (PreviewImporter) -> (artifact id: '89830491c3ea08a61e2753e86879b622') in 0.013421 seconds
Number of updated asset objects reloaded before import = 0Number of asset objects unloaded after import = 3

========================================================================
Received Import Request.
  Time since last request: 0.000019 seconds.
  path: Assets/Map/MapSprites/fences_13.asset
  artifactKey: Guid(5d79c420dab8eb14ba8738bf7708c11e) Importer(815301076,1909f56bfc062723c751e8b465ee728b)
Start importing Assets/Map/MapSprites/fences_13.asset using Guid(5d79c420dab8eb14ba8738bf7708c11e) Importer(815301076,1909f56bfc062723c751e8b465ee728b) (PreviewImporter) -> (artifact id: '381d3bfc7e46c8b4154a0f63fe4fe74c') in 0.0201103 seconds
Number of updated asset objects reloaded before import = 0Number of asset objects unloaded after import = 3

========================================================================
Received Import Request.
  Time since last request: 0.000019 seconds.
  path: Assets/Map/MapSprites/fences_9.asset
  artifactKey: Guid(b17674210c46adb44b98d7234a916393) Importer(815301076,1909f56bfc062723c751e8b465ee728b)
Start importing Assets/Map/MapSprites/fences_9.asset using Guid(b17674210c46adb44b98d7234a916393) Importer(815301076,1909f56bfc062723c751e8b465ee728b) (PreviewImporter) -> (artifact id: 'e8a9ba792d1c8e0940132d1cf64f6033') in 0.0150713 seconds
Number of updated asset objects reloaded before import = 0Number of asset objects unloaded after import = 3

========================================================================
Received Import Request.
  Time since last request: 0.000025 seconds.
  path: Assets/Map/MapSprites/fences_11.asset
  artifactKey: Guid(84e873bef8a638443bf8523d65f7e957) Importer(815301076,1909f56bfc062723c751e8b465ee728b)
Start importing Assets/Map/MapSprites/fences_11.asset using Guid(84e873bef8a638443bf8523d65f7e957) Importer(815301076,1909f56bfc062723c751e8b465ee728b) (PreviewImporter) -> (artifact id: '841621e276e782776bf60b430e202e15') in 0.0495899 seconds
Number of updated asset objects reloaded before import = 0Number of asset objects unloaded after import = 3

========================================================================
Received Import Request.
  Time since last request: 0.000024 seconds.
  path: Assets/Map/MapSprites/fences_15.asset
  artifactKey: Guid(3dec7184509679f47b5dadaa73e45963) Importer(815301076,1909f56bfc062723c751e8b465ee728b)
Start importing Assets/Map/MapSprites/fences_15.asset using Guid(3dec7184509679f47b5dadaa73e45963) Importer(815301076,1909f56bfc062723c751e8b465ee728b) (PreviewImporter) -> (artifact id: 'ba39578cff91fa013dcd60acf7dba92b') in 0.0132989 seconds
Number of updated asset objects reloaded before import = 0Number of asset objects unloaded after import = 3

Editor requested this worker to shutdown with reason: Scaling down because of idle timeout
AssetImportWorker is now disconnected from the server
Process exiting
Exiting without the bug reporter. Application will terminate with return code 0